[2022-08-16 11:14:44] local.ERROR: Uncaught ReflectionException: Class App\Policies\ModelPolicy does not exist in Command line code:1
Stack trace:
#0 Command line code(1): ReflectionClass->__construct()
#1 [internal function]: {closure}()
#2 Command line code(1): array_map()
#3 {main}
  thrown {"exception":"[object] (Symfony\\Component\\Debug\\Exception\\FatalErrorException(code: 1): Uncaught ReflectionException: Class App\\Policies\\ModelPolicy does not exist in Command line code:1
Stack trace:
#0 Command line code(1): ReflectionClass->__construct()
#1 [internal function]: {closure}()
#2 Command line code(1): array_map()
#3 {main}
  thrown at Command line code:1)
[stacktrace]
#0 {main}
"} 
[2022-08-16 11:14:44] local.ERROR: Uncaught Error: Call to undefined method App\Http\Kernel::getRouteMiddleware() in Command line code:1
Stack trace:
#0 {main}
  thrown {"exception":"[object] (Symfony\\Component\\Debug\\Exception\\FatalErrorException(code: 1): Uncaught Error: Call to undefined method App\\Http\\Kernel::getRouteMiddleware() in Command line code:1
Stack trace:
#0 {main}
  thrown at Command line code:1)
[stacktrace]
#0 {main}
"} 
[2022-08-16 12:19:05] local.ERROR: Uncaught Error: Call to undefined method App\Http\Kernel::getRouteMiddleware() in Command line code:1
Stack trace:
#0 {main}
  thrown {"exception":"[object] (Symfony\\Component\\Debug\\Exception\\FatalErrorException(code: 1): Uncaught Error: Call to undefined method App\\Http\\Kernel::getRouteMiddleware() in Command line code:1
Stack trace:
#0 {main}
  thrown at Command line code:1)
[stacktrace]
#0 {main}
"} 
[2022-08-16 12:19:06] local.ERROR: Uncaught ReflectionException: Class App\Policies\ModelPolicy does not exist in Command line code:1
Stack trace:
#0 Command line code(1): ReflectionClass->__construct()
#1 [internal function]: {closure}()
#2 Command line code(1): array_map()
#3 {main}
  thrown {"exception":"[object] (Symfony\\Component\\Debug\\Exception\\FatalErrorException(code: 1): Uncaught ReflectionException: Class App\\Policies\\ModelPolicy does not exist in Command line code:1
Stack trace:
#0 Command line code(1): ReflectionClass->__construct()
#1 [internal function]: {closure}()
#2 Command line code(1): array_map()
#3 {main}
  thrown at Command line code:1)
[stacktrace]
#0 {main}
"} 
[2022-08-16 12:19:09] local.ERROR: The "--columns" option does not exist. {"exception":"[object] (Symfony\\Component\\Console\\Exception\\RuntimeException(code: 0): The \"--columns\" option does not exist. at /var/www/html/ITradeZon/vendor/symfony/console/Input/ArgvInput.php:201)
[stacktrace]
#0 /var/www/html/ITradeZon/vendor/symfony/console/Input/ArgvInput.php(143): Symfony\\Component\\Console\\Input\\ArgvInput->addLongOption()
#1 /var/www/html/ITradeZon/vendor/symfony/console/Input/ArgvInput.php(79): Symfony\\Component\\Console\\Input\\ArgvInput->parseLongOption()
#2 /var/www/html/ITradeZon/vendor/symfony/console/Input/Input.php(55): Symfony\\Component\\Console\\Input\\ArgvInput->parse()
#3 /var/www/html/ITradeZon/vendor/symfony/console/Command/Command.php(214): Symfony\\Component\\Console\\Input\\Input->bind()
#4 /var/www/html/ITradeZon/vendor/laravel/framework/src/Illuminate/Console/Command.php(170): Symfony\\Component\\Console\\Command\\Command->run()
#5 /var/www/html/ITradeZon/vendor/symfony/console/Application.php(1009): Illuminate\\Console\\Command->run()
#6 /var/www/html/ITradeZon/vendor/symfony/console/Application.php(273): Symfony\\Component\\Console\\Application->doRunCommand()
#7 /var/www/html/ITradeZon/vendor/symfony/console/Application.php(149): Symfony\\Component\\Console\\Application->doRun()
#8 /var/www/html/ITradeZon/vendor/laravel/framework/src/Illuminate/Console/Application.php(89): Symfony\\Component\\Console\\Application->run()
#9 /var/www/html/ITradeZon/vendor/laravel/framework/src/Illuminate/Foundation/Console/Kernel.php(122): Illuminate\\Console\\Application->run()
#10 /var/www/html/ITradeZon/artisan(37): Illuminate\\Foundation\\Console\\Kernel->handle()
#11 {main}
"} 
[2022-08-16 12:19:13] local.ERROR: The "--columns" option does not exist. {"exception":"[object] (Symfony\\Component\\Console\\Exception\\RuntimeException(code: 0): The \"--columns\" option does not exist. at /var/www/html/ITradeZon/vendor/symfony/console/Input/ArgvInput.php:201)
[stacktrace]
#0 /var/www/html/ITradeZon/vendor/symfony/console/Input/ArgvInput.php(143): Symfony\\Component\\Console\\Input\\ArgvInput->addLongOption()
#1 /var/www/html/ITradeZon/vendor/symfony/console/Input/ArgvInput.php(79): Symfony\\Component\\Console\\Input\\ArgvInput->parseLongOption()
#2 /var/www/html/ITradeZon/vendor/symfony/console/Input/Input.php(55): Symfony\\Component\\Console\\Input\\ArgvInput->parse()
#3 /var/www/html/ITradeZon/vendor/symfony/console/Command/Command.php(214): Symfony\\Component\\Console\\Input\\Input->bind()
#4 /var/www/html/ITradeZon/vendor/laravel/framework/src/Illuminate/Console/Command.php(170): Symfony\\Component\\Console\\Command\\Command->run()
#5 /var/www/html/ITradeZon/vendor/symfony/console/Application.php(1009): Illuminate\\Console\\Command->run()
#6 /var/www/html/ITradeZon/vendor/symfony/console/Application.php(273): Symfony\\Component\\Console\\Application->doRunCommand()
#7 /var/www/html/ITradeZon/vendor/symfony/console/Application.php(149): Symfony\\Component\\Console\\Application->doRun()
#8 /var/www/html/ITradeZon/vendor/laravel/framework/src/Illuminate/Console/Application.php(89): Symfony\\Component\\Console\\Application->run()
#9 /var/www/html/ITradeZon/vendor/laravel/framework/src/Illuminate/Foundation/Console/Kernel.php(122): Illuminate\\Console\\Application->run()
#10 /var/www/html/ITradeZon/artisan(37): Illuminate\\Foundation\\Console\\Kernel->handle()
#11 {main}
"} 
[2022-08-16 12:19:18] local.ERROR: The "--columns" option does not exist. {"exception":"[object] (Symfony\\Component\\Console\\Exception\\RuntimeException(code: 0): The \"--columns\" option does not exist. at /var/www/html/ITradeZon/vendor/symfony/console/Input/ArgvInput.php:201)
[stacktrace]
#0 /var/www/html/ITradeZon/vendor/symfony/console/Input/ArgvInput.php(143): Symfony\\Component\\Console\\Input\\ArgvInput->addLongOption()
#1 /var/www/html/ITradeZon/vendor/symfony/console/Input/ArgvInput.php(79): Symfony\\Component\\Console\\Input\\ArgvInput->parseLongOption()
#2 /var/www/html/ITradeZon/vendor/symfony/console/Input/Input.php(55): Symfony\\Component\\Console\\Input\\ArgvInput->parse()
#3 /var/www/html/ITradeZon/vendor/symfony/console/Command/Command.php(214): Symfony\\Component\\Console\\Input\\Input->bind()
#4 /var/www/html/ITradeZon/vendor/laravel/framework/src/Illuminate/Console/Command.php(170): Symfony\\Component\\Console\\Command\\Command->run()
#5 /var/www/html/ITradeZon/vendor/symfony/console/Application.php(1009): Illuminate\\Console\\Command->run()
#6 /var/www/html/ITradeZon/vendor/symfony/console/Application.php(273): Symfony\\Component\\Console\\Application->doRunCommand()
#7 /var/www/html/ITradeZon/vendor/symfony/console/Application.php(149): Symfony\\Component\\Console\\Application->doRun()
#8 /var/www/html/ITradeZon/vendor/laravel/framework/src/Illuminate/Console/Application.php(89): Symfony\\Component\\Console\\Application->run()
#9 /var/www/html/ITradeZon/vendor/laravel/framework/src/Illuminate/Foundation/Console/Kernel.php(122): Illuminate\\Console\\Application->run()
#10 /var/www/html/ITradeZon/artisan(37): Illuminate\\Foundation\\Console\\Kernel->handle()
#11 {main}
"} 
[2022-08-16 12:20:05] local.ERROR: Uncaught ReflectionException: Class App\Policies\ModelPolicy does not exist in Command line code:1
Stack trace:
#0 Command line code(1): ReflectionClass->__construct()
#1 [internal function]: {closure}()
#2 Command line code(1): array_map()
#3 {main}
  thrown {"exception":"[object] (Symfony\\Component\\Debug\\Exception\\FatalErrorException(code: 1): Uncaught ReflectionException: Class App\\Policies\\ModelPolicy does not exist in Command line code:1
Stack trace:
#0 Command line code(1): ReflectionClass->__construct()
#1 [internal function]: {closure}()
#2 Command line code(1): array_map()
#3 {main}
  thrown at Command line code:1)
[stacktrace]
#0 {main}
"} 
[2022-08-16 12:21:05] local.ERROR: Uncaught ReflectionException: Class App\Policies\ModelPolicy does not exist in Command line code:1
Stack trace:
#0 Command line code(1): ReflectionClass->__construct()
#1 [internal function]: {closure}()
#2 Command line code(1): array_map()
#3 {main}
  thrown {"exception":"[object] (Symfony\\Component\\Debug\\Exception\\FatalErrorException(code: 1): Uncaught ReflectionException: Class App\\Policies\\ModelPolicy does not exist in Command line code:1
Stack trace:
#0 Command line code(1): ReflectionClass->__construct()
#1 [internal function]: {closure}()
#2 Command line code(1): array_map()
#3 {main}
  thrown at Command line code:1)
[stacktrace]
#0 {main}
"} 
[2022-08-16 12:22:05] local.ERROR: Uncaught ReflectionException: Class App\Policies\ModelPolicy does not exist in Command line code:1
Stack trace:
#0 Command line code(1): ReflectionClass->__construct()
#1 [internal function]: {closure}()
#2 Command line code(1): array_map()
#3 {main}
  thrown {"exception":"[object] (Symfony\\Component\\Debug\\Exception\\FatalErrorException(code: 1): Uncaught ReflectionException: Class App\\Policies\\ModelPolicy does not exist in Command line code:1
Stack trace:
#0 Command line code(1): ReflectionClass->__construct()
#1 [internal function]: {closure}()
#2 Command line code(1): array_map()
#3 {main}
  thrown at Command line code:1)
[stacktrace]
#0 {main}
"} 
[2022-08-16 12:23:05] local.ERROR: Uncaught ReflectionException: Class App\Policies\ModelPolicy does not exist in Command line code:1
Stack trace:
#0 Command line code(1): ReflectionClass->__construct()
#1 [internal function]: {closure}()
#2 Command line code(1): array_map()
#3 {main}
  thrown {"exception":"[object] (Symfony\\Component\\Debug\\Exception\\FatalErrorException(code: 1): Uncaught ReflectionException: Class App\\Policies\\ModelPolicy does not exist in Command line code:1
Stack trace:
#0 Command line code(1): ReflectionClass->__construct()
#1 [internal function]: {closure}()
#2 Command line code(1): array_map()
#3 {main}
  thrown at Command line code:1)
[stacktrace]
#0 {main}
"} 
[2022-08-16 12:24:05] local.ERROR: Uncaught ReflectionException: Class App\Policies\ModelPolicy does not exist in Command line code:1
Stack trace:
#0 Command line code(1): ReflectionClass->__construct()
#1 [internal function]: {closure}()
#2 Command line code(1): array_map()
#3 {main}
  thrown {"exception":"[object] (Symfony\\Component\\Debug\\Exception\\FatalErrorException(code: 1): Uncaught ReflectionException: Class App\\Policies\\ModelPolicy does not exist in Command line code:1
Stack trace:
#0 Command line code(1): ReflectionClass->__construct()
#1 [internal function]: {closure}()
#2 Command line code(1): array_map()
#3 {main}
  thrown at Command line code:1)
[stacktrace]
#0 {main}
"} 
[2022-08-16 12:25:05] local.ERROR: Uncaught ReflectionException: Class App\Policies\ModelPolicy does not exist in Command line code:1
Stack trace:
#0 Command line code(1): ReflectionClass->__construct()
#1 [internal function]: {closure}()
#2 Command line code(1): array_map()
#3 {main}
  thrown {"exception":"[object] (Symfony\\Component\\Debug\\Exception\\FatalErrorException(code: 1): Uncaught ReflectionException: Class App\\Policies\\ModelPolicy does not exist in Command line code:1
Stack trace:
#0 Command line code(1): ReflectionClass->__construct()
#1 [internal function]: {closure}()
#2 Command line code(1): array_map()
#3 {main}
  thrown at Command line code:1)
[stacktrace]
#0 {main}
"} 
[2022-08-16 12:26:05] local.ERROR: Uncaught ReflectionException: Class App\Policies\ModelPolicy does not exist in Command line code:1
Stack trace:
#0 Command line code(1): ReflectionClass->__construct()
#1 [internal function]: {closure}()
#2 Command line code(1): array_map()
#3 {main}
  thrown {"exception":"[object] (Symfony\\Component\\Debug\\Exception\\FatalErrorException(code: 1): Uncaught ReflectionException: Class App\\Policies\\ModelPolicy does not exist in Command line code:1
Stack trace:
#0 Command line code(1): ReflectionClass->__construct()
#1 [internal function]: {closure}()
#2 Command line code(1): array_map()
#3 {main}
  thrown at Command line code:1)
[stacktrace]
#0 {main}
"} 
[2022-08-16 12:27:05] local.ERROR: Uncaught ReflectionException: Class App\Policies\ModelPolicy does not exist in Command line code:1
Stack trace:
#0 Command line code(1): ReflectionClass->__construct()
#1 [internal function]: {closure}()
#2 Command line code(1): array_map()
#3 {main}
  thrown {"exception":"[object] (Symfony\\Component\\Debug\\Exception\\FatalErrorException(code: 1): Uncaught ReflectionException: Class App\\Policies\\ModelPolicy does not exist in Command line code:1
Stack trace:
#0 Command line code(1): ReflectionClass->__construct()
#1 [internal function]: {closure}()
#2 Command line code(1): array_map()
#3 {main}
  thrown at Command line code:1)
[stacktrace]
#0 {main}
"} 
[2022-08-16 12:28:05] local.ERROR: Uncaught ReflectionException: Class App\Policies\ModelPolicy does not exist in Command line code:1
Stack trace:
#0 Command line code(1): ReflectionClass->__construct()
#1 [internal function]: {closure}()
#2 Command line code(1): array_map()
#3 {main}
  thrown {"exception":"[object] (Symfony\\Component\\Debug\\Exception\\FatalErrorException(code: 1): Uncaught ReflectionException: Class App\\Policies\\ModelPolicy does not exist in Command line code:1
Stack trace:
#0 Command line code(1): ReflectionClass->__construct()
#1 [internal function]: {closure}()
#2 Command line code(1): array_map()
#3 {main}
  thrown at Command line code:1)
[stacktrace]
#0 {main}
"} 
