[2022-08-01 09:00:08] local.ERROR: Uncaught Error: Call to undefined method App\Http\Kernel::getRouteMiddleware() in Command line code:1
Stack trace:
#0 {main}
  thrown {"exception":"[object] (Symfony\\Component\\Debug\\Exception\\FatalErrorException(code: 1): Uncaught Error: Call to undefined method App\\Http\\Kernel::getRouteMiddleware() in Command line code:1
Stack trace:
#0 {main}
  thrown at Command line code:1)
[stacktrace]
#0 {main}
"} 
[2022-08-01 09:00:08] local.ERROR: Uncaught ReflectionException: Class App\Policies\ModelPolicy does not exist in Command line code:1
Stack trace:
#0 Command line code(1): ReflectionClass->__construct()
#1 [internal function]: {closure}()
#2 Command line code(1): array_map()
#3 {main}
  thrown {"exception":"[object] (Symfony\\Component\\Debug\\Exception\\FatalErrorException(code: 1): Uncaught ReflectionException: Class App\\Policies\\ModelPolicy does not exist in Command line code:1
Stack trace:
#0 Command line code(1): ReflectionClass->__construct()
#1 [internal function]: {closure}()
#2 Command line code(1): array_map()
#3 {main}
  thrown at Command line code:1)
[stacktrace]
#0 {main}
"} 
[2022-08-01 09:00:10] local.ERROR: The "--columns" option does not exist. {"exception":"[object] (Symfony\\Component\\Console\\Exception\\RuntimeException(code: 0): The \"--columns\" option does not exist. at /var/www/html/ITradeZon/vendor/symfony/console/Input/ArgvInput.php:201)
[stacktrace]
#0 /var/www/html/ITradeZon/vendor/symfony/console/Input/ArgvInput.php(143): Symfony\\Component\\Console\\Input\\ArgvInput->addLongOption()
#1 /var/www/html/ITradeZon/vendor/symfony/console/Input/ArgvInput.php(79): Symfony\\Component\\Console\\Input\\ArgvInput->parseLongOption()
#2 /var/www/html/ITradeZon/vendor/symfony/console/Input/Input.php(55): Symfony\\Component\\Console\\Input\\ArgvInput->parse()
#3 /var/www/html/ITradeZon/vendor/symfony/console/Command/Command.php(214): Symfony\\Component\\Console\\Input\\Input->bind()
#4 /var/www/html/ITradeZon/vendor/laravel/framework/src/Illuminate/Console/Command.php(170): Symfony\\Component\\Console\\Command\\Command->run()
#5 /var/www/html/ITradeZon/vendor/symfony/console/Application.php(1009): Illuminate\\Console\\Command->run()
#6 /var/www/html/ITradeZon/vendor/symfony/console/Application.php(273): Symfony\\Component\\Console\\Application->doRunCommand()
#7 /var/www/html/ITradeZon/vendor/symfony/console/Application.php(149): Symfony\\Component\\Console\\Application->doRun()
#8 /var/www/html/ITradeZon/vendor/laravel/framework/src/Illuminate/Console/Application.php(89): Symfony\\Component\\Console\\Application->run()
#9 /var/www/html/ITradeZon/vendor/laravel/framework/src/Illuminate/Foundation/Console/Kernel.php(122): Illuminate\\Console\\Application->run()
#10 /var/www/html/ITradeZon/artisan(37): Illuminate\\Foundation\\Console\\Kernel->handle()
#11 {main}
"} 
[2022-08-01 09:00:13] local.ERROR: The "--columns" option does not exist. {"exception":"[object] (Symfony\\Component\\Console\\Exception\\RuntimeException(code: 0): The \"--columns\" option does not exist. at /var/www/html/ITradeZon/vendor/symfony/console/Input/ArgvInput.php:201)
[stacktrace]
#0 /var/www/html/ITradeZon/vendor/symfony/console/Input/ArgvInput.php(143): Symfony\\Component\\Console\\Input\\ArgvInput->addLongOption()
#1 /var/www/html/ITradeZon/vendor/symfony/console/Input/ArgvInput.php(79): Symfony\\Component\\Console\\Input\\ArgvInput->parseLongOption()
#2 /var/www/html/ITradeZon/vendor/symfony/console/Input/Input.php(55): Symfony\\Component\\Console\\Input\\ArgvInput->parse()
#3 /var/www/html/ITradeZon/vendor/symfony/console/Command/Command.php(214): Symfony\\Component\\Console\\Input\\Input->bind()
#4 /var/www/html/ITradeZon/vendor/laravel/framework/src/Illuminate/Console/Command.php(170): Symfony\\Component\\Console\\Command\\Command->run()
#5 /var/www/html/ITradeZon/vendor/symfony/console/Application.php(1009): Illuminate\\Console\\Command->run()
#6 /var/www/html/ITradeZon/vendor/symfony/console/Application.php(273): Symfony\\Component\\Console\\Application->doRunCommand()
#7 /var/www/html/ITradeZon/vendor/symfony/console/Application.php(149): Symfony\\Component\\Console\\Application->doRun()
#8 /var/www/html/ITradeZon/vendor/laravel/framework/src/Illuminate/Console/Application.php(89): Symfony\\Component\\Console\\Application->run()
#9 /var/www/html/ITradeZon/vendor/laravel/framework/src/Illuminate/Foundation/Console/Kernel.php(122): Illuminate\\Console\\Application->run()
#10 /var/www/html/ITradeZon/artisan(37): Illuminate\\Foundation\\Console\\Kernel->handle()
#11 {main}
"} 
[2022-08-01 09:00:15] local.ERROR: The "--columns" option does not exist. {"exception":"[object] (Symfony\\Component\\Console\\Exception\\RuntimeException(code: 0): The \"--columns\" option does not exist. at /var/www/html/ITradeZon/vendor/symfony/console/Input/ArgvInput.php:201)
[stacktrace]
#0 /var/www/html/ITradeZon/vendor/symfony/console/Input/ArgvInput.php(143): Symfony\\Component\\Console\\Input\\ArgvInput->addLongOption()
#1 /var/www/html/ITradeZon/vendor/symfony/console/Input/ArgvInput.php(79): Symfony\\Component\\Console\\Input\\ArgvInput->parseLongOption()
#2 /var/www/html/ITradeZon/vendor/symfony/console/Input/Input.php(55): Symfony\\Component\\Console\\Input\\ArgvInput->parse()
#3 /var/www/html/ITradeZon/vendor/symfony/console/Command/Command.php(214): Symfony\\Component\\Console\\Input\\Input->bind()
#4 /var/www/html/ITradeZon/vendor/laravel/framework/src/Illuminate/Console/Command.php(170): Symfony\\Component\\Console\\Command\\Command->run()
#5 /var/www/html/ITradeZon/vendor/symfony/console/Application.php(1009): Illuminate\\Console\\Command->run()
#6 /var/www/html/ITradeZon/vendor/symfony/console/Application.php(273): Symfony\\Component\\Console\\Application->doRunCommand()
#7 /var/www/html/ITradeZon/vendor/symfony/console/Application.php(149): Symfony\\Component\\Console\\Application->doRun()
#8 /var/www/html/ITradeZon/vendor/laravel/framework/src/Illuminate/Console/Application.php(89): Symfony\\Component\\Console\\Application->run()
#9 /var/www/html/ITradeZon/vendor/laravel/framework/src/Illuminate/Foundation/Console/Kernel.php(122): Illuminate\\Console\\Application->run()
#10 /var/www/html/ITradeZon/artisan(37): Illuminate\\Foundation\\Console\\Kernel->handle()
#11 {main}
"} 
[2022-08-01 09:01:08] local.ERROR: Uncaught ReflectionException: Class App\Policies\ModelPolicy does not exist in Command line code:1
Stack trace:
#0 Command line code(1): ReflectionClass->__construct()
#1 [internal function]: {closure}()
#2 Command line code(1): array_map()
#3 {main}
  thrown {"exception":"[object] (Symfony\\Component\\Debug\\Exception\\FatalErrorException(code: 1): Uncaught ReflectionException: Class App\\Policies\\ModelPolicy does not exist in Command line code:1
Stack trace:
#0 Command line code(1): ReflectionClass->__construct()
#1 [internal function]: {closure}()
#2 Command line code(1): array_map()
#3 {main}
  thrown at Command line code:1)
[stacktrace]
#0 {main}
"} 
[2022-08-01 09:02:08] local.ERROR: Uncaught ReflectionException: Class App\Policies\ModelPolicy does not exist in Command line code:1
Stack trace:
#0 Command line code(1): ReflectionClass->__construct()
#1 [internal function]: {closure}()
#2 Command line code(1): array_map()
#3 {main}
  thrown {"exception":"[object] (Symfony\\Component\\Debug\\Exception\\FatalErrorException(code: 1): Uncaught ReflectionException: Class App\\Policies\\ModelPolicy does not exist in Command line code:1
Stack trace:
#0 Command line code(1): ReflectionClass->__construct()
#1 [internal function]: {closure}()
#2 Command line code(1): array_map()
#3 {main}
  thrown at Command line code:1)
[stacktrace]
#0 {main}
"} 
[2022-08-01 09:03:08] local.ERROR: Uncaught ReflectionException: Class App\Policies\ModelPolicy does not exist in Command line code:1
Stack trace:
#0 Command line code(1): ReflectionClass->__construct()
#1 [internal function]: {closure}()
#2 Command line code(1): array_map()
#3 {main}
  thrown {"exception":"[object] (Symfony\\Component\\Debug\\Exception\\FatalErrorException(code: 1): Uncaught ReflectionException: Class App\\Policies\\ModelPolicy does not exist in Command line code:1
Stack trace:
#0 Command line code(1): ReflectionClass->__construct()
#1 [internal function]: {closure}()
#2 Command line code(1): array_map()
#3 {main}
  thrown at Command line code:1)
[stacktrace]
#0 {main}
"} 
[2022-08-01 09:04:08] local.ERROR: Uncaught ReflectionException: Class App\Policies\ModelPolicy does not exist in Command line code:1
Stack trace:
#0 Command line code(1): ReflectionClass->__construct()
#1 [internal function]: {closure}()
#2 Command line code(1): array_map()
#3 {main}
  thrown {"exception":"[object] (Symfony\\Component\\Debug\\Exception\\FatalErrorException(code: 1): Uncaught ReflectionException: Class App\\Policies\\ModelPolicy does not exist in Command line code:1
Stack trace:
#0 Command line code(1): ReflectionClass->__construct()
#1 [internal function]: {closure}()
#2 Command line code(1): array_map()
#3 {main}
  thrown at Command line code:1)
[stacktrace]
#0 {main}
"} 
[2022-08-01 09:05:08] local.ERROR: Uncaught ReflectionException: Class App\Policies\ModelPolicy does not exist in Command line code:1
Stack trace:
#0 Command line code(1): ReflectionClass->__construct()
#1 [internal function]: {closure}()
#2 Command line code(1): array_map()
#3 {main}
  thrown {"exception":"[object] (Symfony\\Component\\Debug\\Exception\\FatalErrorException(code: 1): Uncaught ReflectionException: Class App\\Policies\\ModelPolicy does not exist in Command line code:1
Stack trace:
#0 Command line code(1): ReflectionClass->__construct()
#1 [internal function]: {closure}()
#2 Command line code(1): array_map()
#3 {main}
  thrown at Command line code:1)
[stacktrace]
#0 {main}
"} 
[2022-08-01 09:06:08] local.ERROR: Uncaught ReflectionException: Class App\Policies\ModelPolicy does not exist in Command line code:1
Stack trace:
#0 Command line code(1): ReflectionClass->__construct()
#1 [internal function]: {closure}()
#2 Command line code(1): array_map()
#3 {main}
  thrown {"exception":"[object] (Symfony\\Component\\Debug\\Exception\\FatalErrorException(code: 1): Uncaught ReflectionException: Class App\\Policies\\ModelPolicy does not exist in Command line code:1
Stack trace:
#0 Command line code(1): ReflectionClass->__construct()
#1 [internal function]: {closure}()
#2 Command line code(1): array_map()
#3 {main}
  thrown at Command line code:1)
[stacktrace]
#0 {main}
"} 
[2022-08-01 09:07:08] local.ERROR: Uncaught ReflectionException: Class App\Policies\ModelPolicy does not exist in Command line code:1
Stack trace:
#0 Command line code(1): ReflectionClass->__construct()
#1 [internal function]: {closure}()
#2 Command line code(1): array_map()
#3 {main}
  thrown {"exception":"[object] (Symfony\\Component\\Debug\\Exception\\FatalErrorException(code: 1): Uncaught ReflectionException: Class App\\Policies\\ModelPolicy does not exist in Command line code:1
Stack trace:
#0 Command line code(1): ReflectionClass->__construct()
#1 [internal function]: {closure}()
#2 Command line code(1): array_map()
#3 {main}
  thrown at Command line code:1)
[stacktrace]
#0 {main}
"} 
[2022-08-01 09:08:08] local.ERROR: Uncaught ReflectionException: Class App\Policies\ModelPolicy does not exist in Command line code:1
Stack trace:
#0 Command line code(1): ReflectionClass->__construct()
#1 [internal function]: {closure}()
#2 Command line code(1): array_map()
#3 {main}
  thrown {"exception":"[object] (Symfony\\Component\\Debug\\Exception\\FatalErrorException(code: 1): Uncaught ReflectionException: Class App\\Policies\\ModelPolicy does not exist in Command line code:1
Stack trace:
#0 Command line code(1): ReflectionClass->__construct()
#1 [internal function]: {closure}()
#2 Command line code(1): array_map()
#3 {main}
  thrown at Command line code:1)
[stacktrace]
#0 {main}
"} 
[2022-08-01 09:09:08] local.ERROR: Uncaught ReflectionException: Class App\Policies\ModelPolicy does not exist in Command line code:1
Stack trace:
#0 Command line code(1): ReflectionClass->__construct()
#1 [internal function]: {closure}()
#2 Command line code(1): array_map()
#3 {main}
  thrown {"exception":"[object] (Symfony\\Component\\Debug\\Exception\\FatalErrorException(code: 1): Uncaught ReflectionException: Class App\\Policies\\ModelPolicy does not exist in Command line code:1
Stack trace:
#0 Command line code(1): ReflectionClass->__construct()
#1 [internal function]: {closure}()
#2 Command line code(1): array_map()
#3 {main}
  thrown at Command line code:1)
[stacktrace]
#0 {main}
"} 
[2022-08-01 09:10:08] local.ERROR: Uncaught ReflectionException: Class App\Policies\ModelPolicy does not exist in Command line code:1
Stack trace:
#0 Command line code(1): ReflectionClass->__construct()
#1 [internal function]: {closure}()
#2 Command line code(1): array_map()
#3 {main}
  thrown {"exception":"[object] (Symfony\\Component\\Debug\\Exception\\FatalErrorException(code: 1): Uncaught ReflectionException: Class App\\Policies\\ModelPolicy does not exist in Command line code:1
Stack trace:
#0 Command line code(1): ReflectionClass->__construct()
#1 [internal function]: {closure}()
#2 Command line code(1): array_map()
#3 {main}
  thrown at Command line code:1)
[stacktrace]
#0 {main}
"} 
[2022-08-01 09:11:08] local.ERROR: Uncaught ReflectionException: Class App\Policies\ModelPolicy does not exist in Command line code:1
Stack trace:
#0 Command line code(1): ReflectionClass->__construct()
#1 [internal function]: {closure}()
#2 Command line code(1): array_map()
#3 {main}
  thrown {"exception":"[object] (Symfony\\Component\\Debug\\Exception\\FatalErrorException(code: 1): Uncaught ReflectionException: Class App\\Policies\\ModelPolicy does not exist in Command line code:1
Stack trace:
#0 Command line code(1): ReflectionClass->__construct()
#1 [internal function]: {closure}()
#2 Command line code(1): array_map()
#3 {main}
  thrown at Command line code:1)
[stacktrace]
#0 {main}
"} 
[2022-08-01 09:12:08] local.ERROR: Uncaught ReflectionException: Class App\Policies\ModelPolicy does not exist in Command line code:1
Stack trace:
#0 Command line code(1): ReflectionClass->__construct()
#1 [internal function]: {closure}()
#2 Command line code(1): array_map()
#3 {main}
  thrown {"exception":"[object] (Symfony\\Component\\Debug\\Exception\\FatalErrorException(code: 1): Uncaught ReflectionException: Class App\\Policies\\ModelPolicy does not exist in Command line code:1
Stack trace:
#0 Command line code(1): ReflectionClass->__construct()
#1 [internal function]: {closure}()
#2 Command line code(1): array_map()
#3 {main}
  thrown at Command line code:1)
[stacktrace]
#0 {main}
"} 
[2022-08-01 09:13:08] local.ERROR: Uncaught ReflectionException: Class App\Policies\ModelPolicy does not exist in Command line code:1
Stack trace:
#0 Command line code(1): ReflectionClass->__construct()
#1 [internal function]: {closure}()
#2 Command line code(1): array_map()
#3 {main}
  thrown {"exception":"[object] (Symfony\\Component\\Debug\\Exception\\FatalErrorException(code: 1): Uncaught ReflectionException: Class App\\Policies\\ModelPolicy does not exist in Command line code:1
Stack trace:
#0 Command line code(1): ReflectionClass->__construct()
#1 [internal function]: {closure}()
#2 Command line code(1): array_map()
#3 {main}
  thrown at Command line code:1)
[stacktrace]
#0 {main}
"} 
[2022-08-01 09:14:08] local.ERROR: Uncaught ReflectionException: Class App\Policies\ModelPolicy does not exist in Command line code:1
Stack trace:
#0 Command line code(1): ReflectionClass->__construct()
#1 [internal function]: {closure}()
#2 Command line code(1): array_map()
#3 {main}
  thrown {"exception":"[object] (Symfony\\Component\\Debug\\Exception\\FatalErrorException(code: 1): Uncaught ReflectionException: Class App\\Policies\\ModelPolicy does not exist in Command line code:1
Stack trace:
#0 Command line code(1): ReflectionClass->__construct()
#1 [internal function]: {closure}()
#2 Command line code(1): array_map()
#3 {main}
  thrown at Command line code:1)
[stacktrace]
#0 {main}
"} 
[2022-08-01 09:15:08] local.ERROR: Uncaught ReflectionException: Class App\Policies\ModelPolicy does not exist in Command line code:1
Stack trace:
#0 Command line code(1): ReflectionClass->__construct()
#1 [internal function]: {closure}()
#2 Command line code(1): array_map()
#3 {main}
  thrown {"exception":"[object] (Symfony\\Component\\Debug\\Exception\\FatalErrorException(code: 1): Uncaught ReflectionException: Class App\\Policies\\ModelPolicy does not exist in Command line code:1
Stack trace:
#0 Command line code(1): ReflectionClass->__construct()
#1 [internal function]: {closure}()
#2 Command line code(1): array_map()
#3 {main}
  thrown at Command line code:1)
[stacktrace]
#0 {main}
"} 
[2022-08-01 09:16:08] local.ERROR: Uncaught ReflectionException: Class App\Policies\ModelPolicy does not exist in Command line code:1
Stack trace:
#0 Command line code(1): ReflectionClass->__construct()
#1 [internal function]: {closure}()
#2 Command line code(1): array_map()
#3 {main}
  thrown {"exception":"[object] (Symfony\\Component\\Debug\\Exception\\FatalErrorException(code: 1): Uncaught ReflectionException: Class App\\Policies\\ModelPolicy does not exist in Command line code:1
Stack trace:
#0 Command line code(1): ReflectionClass->__construct()
#1 [internal function]: {closure}()
#2 Command line code(1): array_map()
#3 {main}
  thrown at Command line code:1)
[stacktrace]
#0 {main}
"} 
[2022-08-01 09:17:08] local.ERROR: Uncaught ReflectionException: Class App\Policies\ModelPolicy does not exist in Command line code:1
Stack trace:
#0 Command line code(1): ReflectionClass->__construct()
#1 [internal function]: {closure}()
#2 Command line code(1): array_map()
#3 {main}
  thrown {"exception":"[object] (Symfony\\Component\\Debug\\Exception\\FatalErrorException(code: 1): Uncaught ReflectionException: Class App\\Policies\\ModelPolicy does not exist in Command line code:1
Stack trace:
#0 Command line code(1): ReflectionClass->__construct()
#1 [internal function]: {closure}()
#2 Command line code(1): array_map()
#3 {main}
  thrown at Command line code:1)
[stacktrace]
#0 {main}
"} 
[2022-08-01 09:18:08] local.ERROR: Uncaught ReflectionException: Class App\Policies\ModelPolicy does not exist in Command line code:1
Stack trace:
#0 Command line code(1): ReflectionClass->__construct()
#1 [internal function]: {closure}()
#2 Command line code(1): array_map()
#3 {main}
  thrown {"exception":"[object] (Symfony\\Component\\Debug\\Exception\\FatalErrorException(code: 1): Uncaught ReflectionException: Class App\\Policies\\ModelPolicy does not exist in Command line code:1
Stack trace:
#0 Command line code(1): ReflectionClass->__construct()
#1 [internal function]: {closure}()
#2 Command line code(1): array_map()
#3 {main}
  thrown at Command line code:1)
[stacktrace]
#0 {main}
"} 
[2022-08-01 09:19:08] local.ERROR: Uncaught ReflectionException: Class App\Policies\ModelPolicy does not exist in Command line code:1
Stack trace:
#0 Command line code(1): ReflectionClass->__construct()
#1 [internal function]: {closure}()
#2 Command line code(1): array_map()
#3 {main}
  thrown {"exception":"[object] (Symfony\\Component\\Debug\\Exception\\FatalErrorException(code: 1): Uncaught ReflectionException: Class App\\Policies\\ModelPolicy does not exist in Command line code:1
Stack trace:
#0 Command line code(1): ReflectionClass->__construct()
#1 [internal function]: {closure}()
#2 Command line code(1): array_map()
#3 {main}
  thrown at Command line code:1)
[stacktrace]
#0 {main}
"} 
[2022-08-01 09:20:08] local.ERROR: Uncaught ReflectionException: Class App\Policies\ModelPolicy does not exist in Command line code:1
Stack trace:
#0 Command line code(1): ReflectionClass->__construct()
#1 [internal function]: {closure}()
#2 Command line code(1): array_map()
#3 {main}
  thrown {"exception":"[object] (Symfony\\Component\\Debug\\Exception\\FatalErrorException(code: 1): Uncaught ReflectionException: Class App\\Policies\\ModelPolicy does not exist in Command line code:1
Stack trace:
#0 Command line code(1): ReflectionClass->__construct()
#1 [internal function]: {closure}()
#2 Command line code(1): array_map()
#3 {main}
  thrown at Command line code:1)
[stacktrace]
#0 {main}
"} 
[2022-08-01 09:21:08] local.ERROR: Uncaught ReflectionException: Class App\Policies\ModelPolicy does not exist in Command line code:1
Stack trace:
#0 Command line code(1): ReflectionClass->__construct()
#1 [internal function]: {closure}()
#2 Command line code(1): array_map()
#3 {main}
  thrown {"exception":"[object] (Symfony\\Component\\Debug\\Exception\\FatalErrorException(code: 1): Uncaught ReflectionException: Class App\\Policies\\ModelPolicy does not exist in Command line code:1
Stack trace:
#0 Command line code(1): ReflectionClass->__construct()
#1 [internal function]: {closure}()
#2 Command line code(1): array_map()
#3 {main}
  thrown at Command line code:1)
[stacktrace]
#0 {main}
"} 
[2022-08-01 09:22:08] local.ERROR: Uncaught ReflectionException: Class App\Policies\ModelPolicy does not exist in Command line code:1
Stack trace:
#0 Command line code(1): ReflectionClass->__construct()
#1 [internal function]: {closure}()
#2 Command line code(1): array_map()
#3 {main}
  thrown {"exception":"[object] (Symfony\\Component\\Debug\\Exception\\FatalErrorException(code: 1): Uncaught ReflectionException: Class App\\Policies\\ModelPolicy does not exist in Command line code:1
Stack trace:
#0 Command line code(1): ReflectionClass->__construct()
#1 [internal function]: {closure}()
#2 Command line code(1): array_map()
#3 {main}
  thrown at Command line code:1)
[stacktrace]
#0 {main}
"} 
[2022-08-01 09:23:08] local.ERROR: Uncaught ReflectionException: Class App\Policies\ModelPolicy does not exist in Command line code:1
Stack trace:
#0 Command line code(1): ReflectionClass->__construct()
#1 [internal function]: {closure}()
#2 Command line code(1): array_map()
#3 {main}
  thrown {"exception":"[object] (Symfony\\Component\\Debug\\Exception\\FatalErrorException(code: 1): Uncaught ReflectionException: Class App\\Policies\\ModelPolicy does not exist in Command line code:1
Stack trace:
#0 Command line code(1): ReflectionClass->__construct()
#1 [internal function]: {closure}()
#2 Command line code(1): array_map()
#3 {main}
  thrown at Command line code:1)
[stacktrace]
#0 {main}
"} 
[2022-08-01 09:24:08] local.ERROR: Uncaught ReflectionException: Class App\Policies\ModelPolicy does not exist in Command line code:1
Stack trace:
#0 Command line code(1): ReflectionClass->__construct()
#1 [internal function]: {closure}()
#2 Command line code(1): array_map()
#3 {main}
  thrown {"exception":"[object] (Symfony\\Component\\Debug\\Exception\\FatalErrorException(code: 1): Uncaught ReflectionException: Class App\\Policies\\ModelPolicy does not exist in Command line code:1
Stack trace:
#0 Command line code(1): ReflectionClass->__construct()
#1 [internal function]: {closure}()
#2 Command line code(1): array_map()
#3 {main}
  thrown at Command line code:1)
[stacktrace]
#0 {main}
"} 
[2022-08-01 09:25:08] local.ERROR: Uncaught ReflectionException: Class App\Policies\ModelPolicy does not exist in Command line code:1
Stack trace:
#0 Command line code(1): ReflectionClass->__construct()
#1 [internal function]: {closure}()
#2 Command line code(1): array_map()
#3 {main}
  thrown {"exception":"[object] (Symfony\\Component\\Debug\\Exception\\FatalErrorException(code: 1): Uncaught ReflectionException: Class App\\Policies\\ModelPolicy does not exist in Command line code:1
Stack trace:
#0 Command line code(1): ReflectionClass->__construct()
#1 [internal function]: {closure}()
#2 Command line code(1): array_map()
#3 {main}
  thrown at Command line code:1)
[stacktrace]
#0 {main}
"} 
[2022-08-01 09:26:08] local.ERROR: Uncaught ReflectionException: Class App\Policies\ModelPolicy does not exist in Command line code:1
Stack trace:
#0 Command line code(1): ReflectionClass->__construct()
#1 [internal function]: {closure}()
#2 Command line code(1): array_map()
#3 {main}
  thrown {"exception":"[object] (Symfony\\Component\\Debug\\Exception\\FatalErrorException(code: 1): Uncaught ReflectionException: Class App\\Policies\\ModelPolicy does not exist in Command line code:1
Stack trace:
#0 Command line code(1): ReflectionClass->__construct()
#1 [internal function]: {closure}()
#2 Command line code(1): array_map()
#3 {main}
  thrown at Command line code:1)
[stacktrace]
#0 {main}
"} 
[2022-08-01 09:27:08] local.ERROR: Uncaught ReflectionException: Class App\Policies\ModelPolicy does not exist in Command line code:1
Stack trace:
#0 Command line code(1): ReflectionClass->__construct()
#1 [internal function]: {closure}()
#2 Command line code(1): array_map()
#3 {main}
  thrown {"exception":"[object] (Symfony\\Component\\Debug\\Exception\\FatalErrorException(code: 1): Uncaught ReflectionException: Class App\\Policies\\ModelPolicy does not exist in Command line code:1
Stack trace:
#0 Command line code(1): ReflectionClass->__construct()
#1 [internal function]: {closure}()
#2 Command line code(1): array_map()
#3 {main}
  thrown at Command line code:1)
[stacktrace]
#0 {main}
"} 
[2022-08-01 09:28:08] local.ERROR: Uncaught ReflectionException: Class App\Policies\ModelPolicy does not exist in Command line code:1
Stack trace:
#0 Command line code(1): ReflectionClass->__construct()
#1 [internal function]: {closure}()
#2 Command line code(1): array_map()
#3 {main}
  thrown {"exception":"[object] (Symfony\\Component\\Debug\\Exception\\FatalErrorException(code: 1): Uncaught ReflectionException: Class App\\Policies\\ModelPolicy does not exist in Command line code:1
Stack trace:
#0 Command line code(1): ReflectionClass->__construct()
#1 [internal function]: {closure}()
#2 Command line code(1): array_map()
#3 {main}
  thrown at Command line code:1)
[stacktrace]
#0 {main}
"} 
[2022-08-01 09:29:08] local.ERROR: Uncaught ReflectionException: Class App\Policies\ModelPolicy does not exist in Command line code:1
Stack trace:
#0 Command line code(1): ReflectionClass->__construct()
#1 [internal function]: {closure}()
#2 Command line code(1): array_map()
#3 {main}
  thrown {"exception":"[object] (Symfony\\Component\\Debug\\Exception\\FatalErrorException(code: 1): Uncaught ReflectionException: Class App\\Policies\\ModelPolicy does not exist in Command line code:1
Stack trace:
#0 Command line code(1): ReflectionClass->__construct()
#1 [internal function]: {closure}()
#2 Command line code(1): array_map()
#3 {main}
  thrown at Command line code:1)
[stacktrace]
#0 {main}
"} 
[2022-08-01 09:30:08] local.ERROR: Uncaught ReflectionException: Class App\Policies\ModelPolicy does not exist in Command line code:1
Stack trace:
#0 Command line code(1): ReflectionClass->__construct()
#1 [internal function]: {closure}()
#2 Command line code(1): array_map()
#3 {main}
  thrown {"exception":"[object] (Symfony\\Component\\Debug\\Exception\\FatalErrorException(code: 1): Uncaught ReflectionException: Class App\\Policies\\ModelPolicy does not exist in Command line code:1
Stack trace:
#0 Command line code(1): ReflectionClass->__construct()
#1 [internal function]: {closure}()
#2 Command line code(1): array_map()
#3 {main}
  thrown at Command line code:1)
[stacktrace]
#0 {main}
"} 
[2022-08-01 09:31:08] local.ERROR: Uncaught ReflectionException: Class App\Policies\ModelPolicy does not exist in Command line code:1
Stack trace:
#0 Command line code(1): ReflectionClass->__construct()
#1 [internal function]: {closure}()
#2 Command line code(1): array_map()
#3 {main}
  thrown {"exception":"[object] (Symfony\\Component\\Debug\\Exception\\FatalErrorException(code: 1): Uncaught ReflectionException: Class App\\Policies\\ModelPolicy does not exist in Command line code:1
Stack trace:
#0 Command line code(1): ReflectionClass->__construct()
#1 [internal function]: {closure}()
#2 Command line code(1): array_map()
#3 {main}
  thrown at Command line code:1)
[stacktrace]
#0 {main}
"} 
[2022-08-01 09:32:08] local.ERROR: Uncaught ReflectionException: Class App\Policies\ModelPolicy does not exist in Command line code:1
Stack trace:
#0 Command line code(1): ReflectionClass->__construct()
#1 [internal function]: {closure}()
#2 Command line code(1): array_map()
#3 {main}
  thrown {"exception":"[object] (Symfony\\Component\\Debug\\Exception\\FatalErrorException(code: 1): Uncaught ReflectionException: Class App\\Policies\\ModelPolicy does not exist in Command line code:1
Stack trace:
#0 Command line code(1): ReflectionClass->__construct()
#1 [internal function]: {closure}()
#2 Command line code(1): array_map()
#3 {main}
  thrown at Command line code:1)
[stacktrace]
#0 {main}
"} 
[2022-08-01 09:33:08] local.ERROR: Uncaught ReflectionException: Class App\Policies\ModelPolicy does not exist in Command line code:1
Stack trace:
#0 Command line code(1): ReflectionClass->__construct()
#1 [internal function]: {closure}()
#2 Command line code(1): array_map()
#3 {main}
  thrown {"exception":"[object] (Symfony\\Component\\Debug\\Exception\\FatalErrorException(code: 1): Uncaught ReflectionException: Class App\\Policies\\ModelPolicy does not exist in Command line code:1
Stack trace:
#0 Command line code(1): ReflectionClass->__construct()
#1 [internal function]: {closure}()
#2 Command line code(1): array_map()
#3 {main}
  thrown at Command line code:1)
[stacktrace]
#0 {main}
"} 
[2022-08-01 09:34:08] local.ERROR: Uncaught ReflectionException: Class App\Policies\ModelPolicy does not exist in Command line code:1
Stack trace:
#0 Command line code(1): ReflectionClass->__construct()
#1 [internal function]: {closure}()
#2 Command line code(1): array_map()
#3 {main}
  thrown {"exception":"[object] (Symfony\\Component\\Debug\\Exception\\FatalErrorException(code: 1): Uncaught ReflectionException: Class App\\Policies\\ModelPolicy does not exist in Command line code:1
Stack trace:
#0 Command line code(1): ReflectionClass->__construct()
#1 [internal function]: {closure}()
#2 Command line code(1): array_map()
#3 {main}
  thrown at Command line code:1)
[stacktrace]
#0 {main}
"} 
[2022-08-01 09:35:08] local.ERROR: Uncaught ReflectionException: Class App\Policies\ModelPolicy does not exist in Command line code:1
Stack trace:
#0 Command line code(1): ReflectionClass->__construct()
#1 [internal function]: {closure}()
#2 Command line code(1): array_map()
#3 {main}
  thrown {"exception":"[object] (Symfony\\Component\\Debug\\Exception\\FatalErrorException(code: 1): Uncaught ReflectionException: Class App\\Policies\\ModelPolicy does not exist in Command line code:1
Stack trace:
#0 Command line code(1): ReflectionClass->__construct()
#1 [internal function]: {closure}()
#2 Command line code(1): array_map()
#3 {main}
  thrown at Command line code:1)
[stacktrace]
#0 {main}
"} 
[2022-08-01 09:36:08] local.ERROR: Uncaught ReflectionException: Class App\Policies\ModelPolicy does not exist in Command line code:1
Stack trace:
#0 Command line code(1): ReflectionClass->__construct()
#1 [internal function]: {closure}()
#2 Command line code(1): array_map()
#3 {main}
  thrown {"exception":"[object] (Symfony\\Component\\Debug\\Exception\\FatalErrorException(code: 1): Uncaught ReflectionException: Class App\\Policies\\ModelPolicy does not exist in Command line code:1
Stack trace:
#0 Command line code(1): ReflectionClass->__construct()
#1 [internal function]: {closure}()
#2 Command line code(1): array_map()
#3 {main}
  thrown at Command line code:1)
[stacktrace]
#0 {main}
"} 
[2022-08-01 09:37:08] local.ERROR: Uncaught ReflectionException: Class App\Policies\ModelPolicy does not exist in Command line code:1
Stack trace:
#0 Command line code(1): ReflectionClass->__construct()
#1 [internal function]: {closure}()
#2 Command line code(1): array_map()
#3 {main}
  thrown {"exception":"[object] (Symfony\\Component\\Debug\\Exception\\FatalErrorException(code: 1): Uncaught ReflectionException: Class App\\Policies\\ModelPolicy does not exist in Command line code:1
Stack trace:
#0 Command line code(1): ReflectionClass->__construct()
#1 [internal function]: {closure}()
#2 Command line code(1): array_map()
#3 {main}
  thrown at Command line code:1)
[stacktrace]
#0 {main}
"} 
[2022-08-01 09:38:08] local.ERROR: Uncaught ReflectionException: Class App\Policies\ModelPolicy does not exist in Command line code:1
Stack trace:
#0 Command line code(1): ReflectionClass->__construct()
#1 [internal function]: {closure}()
#2 Command line code(1): array_map()
#3 {main}
  thrown {"exception":"[object] (Symfony\\Component\\Debug\\Exception\\FatalErrorException(code: 1): Uncaught ReflectionException: Class App\\Policies\\ModelPolicy does not exist in Command line code:1
Stack trace:
#0 Command line code(1): ReflectionClass->__construct()
#1 [internal function]: {closure}()
#2 Command line code(1): array_map()
#3 {main}
  thrown at Command line code:1)
[stacktrace]
#0 {main}
"} 
[2022-08-01 09:39:08] local.ERROR: Uncaught ReflectionException: Class App\Policies\ModelPolicy does not exist in Command line code:1
Stack trace:
#0 Command line code(1): ReflectionClass->__construct()
#1 [internal function]: {closure}()
#2 Command line code(1): array_map()
#3 {main}
  thrown {"exception":"[object] (Symfony\\Component\\Debug\\Exception\\FatalErrorException(code: 1): Uncaught ReflectionException: Class App\\Policies\\ModelPolicy does not exist in Command line code:1
Stack trace:
#0 Command line code(1): ReflectionClass->__construct()
#1 [internal function]: {closure}()
#2 Command line code(1): array_map()
#3 {main}
  thrown at Command line code:1)
[stacktrace]
#0 {main}
"} 
[2022-08-01 09:40:08] local.ERROR: Uncaught ReflectionException: Class App\Policies\ModelPolicy does not exist in Command line code:1
Stack trace:
#0 Command line code(1): ReflectionClass->__construct()
#1 [internal function]: {closure}()
#2 Command line code(1): array_map()
#3 {main}
  thrown {"exception":"[object] (Symfony\\Component\\Debug\\Exception\\FatalErrorException(code: 1): Uncaught ReflectionException: Class App\\Policies\\ModelPolicy does not exist in Command line code:1
Stack trace:
#0 Command line code(1): ReflectionClass->__construct()
#1 [internal function]: {closure}()
#2 Command line code(1): array_map()
#3 {main}
  thrown at Command line code:1)
[stacktrace]
#0 {main}
"} 
[2022-08-01 09:41:08] local.ERROR: Uncaught ReflectionException: Class App\Policies\ModelPolicy does not exist in Command line code:1
Stack trace:
#0 Command line code(1): ReflectionClass->__construct()
#1 [internal function]: {closure}()
#2 Command line code(1): array_map()
#3 {main}
  thrown {"exception":"[object] (Symfony\\Component\\Debug\\Exception\\FatalErrorException(code: 1): Uncaught ReflectionException: Class App\\Policies\\ModelPolicy does not exist in Command line code:1
Stack trace:
#0 Command line code(1): ReflectionClass->__construct()
#1 [internal function]: {closure}()
#2 Command line code(1): array_map()
#3 {main}
  thrown at Command line code:1)
[stacktrace]
#0 {main}
"} 
[2022-08-01 09:42:08] local.ERROR: Uncaught ReflectionException: Class App\Policies\ModelPolicy does not exist in Command line code:1
Stack trace:
#0 Command line code(1): ReflectionClass->__construct()
#1 [internal function]: {closure}()
#2 Command line code(1): array_map()
#3 {main}
  thrown {"exception":"[object] (Symfony\\Component\\Debug\\Exception\\FatalErrorException(code: 1): Uncaught ReflectionException: Class App\\Policies\\ModelPolicy does not exist in Command line code:1
Stack trace:
#0 Command line code(1): ReflectionClass->__construct()
#1 [internal function]: {closure}()
#2 Command line code(1): array_map()
#3 {main}
  thrown at Command line code:1)
[stacktrace]
#0 {main}
"} 
[2022-08-01 09:43:08] local.ERROR: Uncaught ReflectionException: Class App\Policies\ModelPolicy does not exist in Command line code:1
Stack trace:
#0 Command line code(1): ReflectionClass->__construct()
#1 [internal function]: {closure}()
#2 Command line code(1): array_map()
#3 {main}
  thrown {"exception":"[object] (Symfony\\Component\\Debug\\Exception\\FatalErrorException(code: 1): Uncaught ReflectionException: Class App\\Policies\\ModelPolicy does not exist in Command line code:1
Stack trace:
#0 Command line code(1): ReflectionClass->__construct()
#1 [internal function]: {closure}()
#2 Command line code(1): array_map()
#3 {main}
  thrown at Command line code:1)
[stacktrace]
#0 {main}
"} 
[2022-08-01 09:44:08] local.ERROR: Uncaught ReflectionException: Class App\Policies\ModelPolicy does not exist in Command line code:1
Stack trace:
#0 Command line code(1): ReflectionClass->__construct()
#1 [internal function]: {closure}()
#2 Command line code(1): array_map()
#3 {main}
  thrown {"exception":"[object] (Symfony\\Component\\Debug\\Exception\\FatalErrorException(code: 1): Uncaught ReflectionException: Class App\\Policies\\ModelPolicy does not exist in Command line code:1
Stack trace:
#0 Command line code(1): ReflectionClass->__construct()
#1 [internal function]: {closure}()
#2 Command line code(1): array_map()
#3 {main}
  thrown at Command line code:1)
[stacktrace]
#0 {main}
"} 
[2022-08-01 09:45:08] local.ERROR: Uncaught ReflectionException: Class App\Policies\ModelPolicy does not exist in Command line code:1
Stack trace:
#0 Command line code(1): ReflectionClass->__construct()
#1 [internal function]: {closure}()
#2 Command line code(1): array_map()
#3 {main}
  thrown {"exception":"[object] (Symfony\\Component\\Debug\\Exception\\FatalErrorException(code: 1): Uncaught ReflectionException: Class App\\Policies\\ModelPolicy does not exist in Command line code:1
Stack trace:
#0 Command line code(1): ReflectionClass->__construct()
#1 [internal function]: {closure}()
#2 Command line code(1): array_map()
#3 {main}
  thrown at Command line code:1)
[stacktrace]
#0 {main}
"} 
[2022-08-01 09:46:08] local.ERROR: Uncaught ReflectionException: Class App\Policies\ModelPolicy does not exist in Command line code:1
Stack trace:
#0 Command line code(1): ReflectionClass->__construct()
#1 [internal function]: {closure}()
#2 Command line code(1): array_map()
#3 {main}
  thrown {"exception":"[object] (Symfony\\Component\\Debug\\Exception\\FatalErrorException(code: 1): Uncaught ReflectionException: Class App\\Policies\\ModelPolicy does not exist in Command line code:1
Stack trace:
#0 Command line code(1): ReflectionClass->__construct()
#1 [internal function]: {closure}()
#2 Command line code(1): array_map()
#3 {main}
  thrown at Command line code:1)
[stacktrace]
#0 {main}
"} 
[2022-08-01 09:47:08] local.ERROR: Uncaught ReflectionException: Class App\Policies\ModelPolicy does not exist in Command line code:1
Stack trace:
#0 Command line code(1): ReflectionClass->__construct()
#1 [internal function]: {closure}()
#2 Command line code(1): array_map()
#3 {main}
  thrown {"exception":"[object] (Symfony\\Component\\Debug\\Exception\\FatalErrorException(code: 1): Uncaught ReflectionException: Class App\\Policies\\ModelPolicy does not exist in Command line code:1
Stack trace:
#0 Command line code(1): ReflectionClass->__construct()
#1 [internal function]: {closure}()
#2 Command line code(1): array_map()
#3 {main}
  thrown at Command line code:1)
[stacktrace]
#0 {main}
"} 
[2022-08-01 09:48:08] local.ERROR: Uncaught ReflectionException: Class App\Policies\ModelPolicy does not exist in Command line code:1
Stack trace:
#0 Command line code(1): ReflectionClass->__construct()
#1 [internal function]: {closure}()
#2 Command line code(1): array_map()
#3 {main}
  thrown {"exception":"[object] (Symfony\\Component\\Debug\\Exception\\FatalErrorException(code: 1): Uncaught ReflectionException: Class App\\Policies\\ModelPolicy does not exist in Command line code:1
Stack trace:
#0 Command line code(1): ReflectionClass->__construct()
#1 [internal function]: {closure}()
#2 Command line code(1): array_map()
#3 {main}
  thrown at Command line code:1)
[stacktrace]
#0 {main}
"} 
[2022-08-01 09:49:08] local.ERROR: Uncaught ReflectionException: Class App\Policies\ModelPolicy does not exist in Command line code:1
Stack trace:
#0 Command line code(1): ReflectionClass->__construct()
#1 [internal function]: {closure}()
#2 Command line code(1): array_map()
#3 {main}
  thrown {"exception":"[object] (Symfony\\Component\\Debug\\Exception\\FatalErrorException(code: 1): Uncaught ReflectionException: Class App\\Policies\\ModelPolicy does not exist in Command line code:1
Stack trace:
#0 Command line code(1): ReflectionClass->__construct()
#1 [internal function]: {closure}()
#2 Command line code(1): array_map()
#3 {main}
  thrown at Command line code:1)
[stacktrace]
#0 {main}
"} 
[2022-08-01 09:50:08] local.ERROR: Uncaught ReflectionException: Class App\Policies\ModelPolicy does not exist in Command line code:1
Stack trace:
#0 Command line code(1): ReflectionClass->__construct()
#1 [internal function]: {closure}()
#2 Command line code(1): array_map()
#3 {main}
  thrown {"exception":"[object] (Symfony\\Component\\Debug\\Exception\\FatalErrorException(code: 1): Uncaught ReflectionException: Class App\\Policies\\ModelPolicy does not exist in Command line code:1
Stack trace:
#0 Command line code(1): ReflectionClass->__construct()
#1 [internal function]: {closure}()
#2 Command line code(1): array_map()
#3 {main}
  thrown at Command line code:1)
[stacktrace]
#0 {main}
"} 
[2022-08-01 09:51:08] local.ERROR: Uncaught ReflectionException: Class App\Policies\ModelPolicy does not exist in Command line code:1
Stack trace:
#0 Command line code(1): ReflectionClass->__construct()
#1 [internal function]: {closure}()
#2 Command line code(1): array_map()
#3 {main}
  thrown {"exception":"[object] (Symfony\\Component\\Debug\\Exception\\FatalErrorException(code: 1): Uncaught ReflectionException: Class App\\Policies\\ModelPolicy does not exist in Command line code:1
Stack trace:
#0 Command line code(1): ReflectionClass->__construct()
#1 [internal function]: {closure}()
#2 Command line code(1): array_map()
#3 {main}
  thrown at Command line code:1)
[stacktrace]
#0 {main}
"} 
[2022-08-01 09:52:08] local.ERROR: Uncaught ReflectionException: Class App\Policies\ModelPolicy does not exist in Command line code:1
Stack trace:
#0 Command line code(1): ReflectionClass->__construct()
#1 [internal function]: {closure}()
#2 Command line code(1): array_map()
#3 {main}
  thrown {"exception":"[object] (Symfony\\Component\\Debug\\Exception\\FatalErrorException(code: 1): Uncaught ReflectionException: Class App\\Policies\\ModelPolicy does not exist in Command line code:1
Stack trace:
#0 Command line code(1): ReflectionClass->__construct()
#1 [internal function]: {closure}()
#2 Command line code(1): array_map()
#3 {main}
  thrown at Command line code:1)
[stacktrace]
#0 {main}
"} 
[2022-08-01 09:53:08] local.ERROR: Uncaught ReflectionException: Class App\Policies\ModelPolicy does not exist in Command line code:1
Stack trace:
#0 Command line code(1): ReflectionClass->__construct()
#1 [internal function]: {closure}()
#2 Command line code(1): array_map()
#3 {main}
  thrown {"exception":"[object] (Symfony\\Component\\Debug\\Exception\\FatalErrorException(code: 1): Uncaught ReflectionException: Class App\\Policies\\ModelPolicy does not exist in Command line code:1
Stack trace:
#0 Command line code(1): ReflectionClass->__construct()
#1 [internal function]: {closure}()
#2 Command line code(1): array_map()
#3 {main}
  thrown at Command line code:1)
[stacktrace]
#0 {main}
"} 
[2022-08-01 09:54:08] local.ERROR: Uncaught ReflectionException: Class App\Policies\ModelPolicy does not exist in Command line code:1
Stack trace:
#0 Command line code(1): ReflectionClass->__construct()
#1 [internal function]: {closure}()
#2 Command line code(1): array_map()
#3 {main}
  thrown {"exception":"[object] (Symfony\\Component\\Debug\\Exception\\FatalErrorException(code: 1): Uncaught ReflectionException: Class App\\Policies\\ModelPolicy does not exist in Command line code:1
Stack trace:
#0 Command line code(1): ReflectionClass->__construct()
#1 [internal function]: {closure}()
#2 Command line code(1): array_map()
#3 {main}
  thrown at Command line code:1)
[stacktrace]
#0 {main}
"} 
[2022-08-01 09:55:08] local.ERROR: Uncaught ReflectionException: Class App\Policies\ModelPolicy does not exist in Command line code:1
Stack trace:
#0 Command line code(1): ReflectionClass->__construct()
#1 [internal function]: {closure}()
#2 Command line code(1): array_map()
#3 {main}
  thrown {"exception":"[object] (Symfony\\Component\\Debug\\Exception\\FatalErrorException(code: 1): Uncaught ReflectionException: Class App\\Policies\\ModelPolicy does not exist in Command line code:1
Stack trace:
#0 Command line code(1): ReflectionClass->__construct()
#1 [internal function]: {closure}()
#2 Command line code(1): array_map()
#3 {main}
  thrown at Command line code:1)
[stacktrace]
#0 {main}
"} 
[2022-08-01 09:56:08] local.ERROR: Uncaught ReflectionException: Class App\Policies\ModelPolicy does not exist in Command line code:1
Stack trace:
#0 Command line code(1): ReflectionClass->__construct()
#1 [internal function]: {closure}()
#2 Command line code(1): array_map()
#3 {main}
  thrown {"exception":"[object] (Symfony\\Component\\Debug\\Exception\\FatalErrorException(code: 1): Uncaught ReflectionException: Class App\\Policies\\ModelPolicy does not exist in Command line code:1
Stack trace:
#0 Command line code(1): ReflectionClass->__construct()
#1 [internal function]: {closure}()
#2 Command line code(1): array_map()
#3 {main}
  thrown at Command line code:1)
[stacktrace]
#0 {main}
"} 
[2022-08-01 09:57:08] local.ERROR: Uncaught ReflectionException: Class App\Policies\ModelPolicy does not exist in Command line code:1
Stack trace:
#0 Command line code(1): ReflectionClass->__construct()
#1 [internal function]: {closure}()
#2 Command line code(1): array_map()
#3 {main}
  thrown {"exception":"[object] (Symfony\\Component\\Debug\\Exception\\FatalErrorException(code: 1): Uncaught ReflectionException: Class App\\Policies\\ModelPolicy does not exist in Command line code:1
Stack trace:
#0 Command line code(1): ReflectionClass->__construct()
#1 [internal function]: {closure}()
#2 Command line code(1): array_map()
#3 {main}
  thrown at Command line code:1)
[stacktrace]
#0 {main}
"} 
[2022-08-01 09:58:08] local.ERROR: Uncaught ReflectionException: Class App\Policies\ModelPolicy does not exist in Command line code:1
Stack trace:
#0 Command line code(1): ReflectionClass->__construct()
#1 [internal function]: {closure}()
#2 Command line code(1): array_map()
#3 {main}
  thrown {"exception":"[object] (Symfony\\Component\\Debug\\Exception\\FatalErrorException(code: 1): Uncaught ReflectionException: Class App\\Policies\\ModelPolicy does not exist in Command line code:1
Stack trace:
#0 Command line code(1): ReflectionClass->__construct()
#1 [internal function]: {closure}()
#2 Command line code(1): array_map()
#3 {main}
  thrown at Command line code:1)
[stacktrace]
#0 {main}
"} 
[2022-08-01 09:59:08] local.ERROR: Uncaught ReflectionException: Class App\Policies\ModelPolicy does not exist in Command line code:1
Stack trace:
#0 Command line code(1): ReflectionClass->__construct()
#1 [internal function]: {closure}()
#2 Command line code(1): array_map()
#3 {main}
  thrown {"exception":"[object] (Symfony\\Component\\Debug\\Exception\\FatalErrorException(code: 1): Uncaught ReflectionException: Class App\\Policies\\ModelPolicy does not exist in Command line code:1
Stack trace:
#0 Command line code(1): ReflectionClass->__construct()
#1 [internal function]: {closure}()
#2 Command line code(1): array_map()
#3 {main}
  thrown at Command line code:1)
[stacktrace]
#0 {main}
"} 
[2022-08-01 10:00:08] local.ERROR: Uncaught ReflectionException: Class App\Policies\ModelPolicy does not exist in Command line code:1
Stack trace:
#0 Command line code(1): ReflectionClass->__construct()
#1 [internal function]: {closure}()
#2 Command line code(1): array_map()
#3 {main}
  thrown {"exception":"[object] (Symfony\\Component\\Debug\\Exception\\FatalErrorException(code: 1): Uncaught ReflectionException: Class App\\Policies\\ModelPolicy does not exist in Command line code:1
Stack trace:
#0 Command line code(1): ReflectionClass->__construct()
#1 [internal function]: {closure}()
#2 Command line code(1): array_map()
#3 {main}
  thrown at Command line code:1)
[stacktrace]
#0 {main}
"} 
[2022-08-01 10:01:08] local.ERROR: Uncaught ReflectionException: Class App\Policies\ModelPolicy does not exist in Command line code:1
Stack trace:
#0 Command line code(1): ReflectionClass->__construct()
#1 [internal function]: {closure}()
#2 Command line code(1): array_map()
#3 {main}
  thrown {"exception":"[object] (Symfony\\Component\\Debug\\Exception\\FatalErrorException(code: 1): Uncaught ReflectionException: Class App\\Policies\\ModelPolicy does not exist in Command line code:1
Stack trace:
#0 Command line code(1): ReflectionClass->__construct()
#1 [internal function]: {closure}()
#2 Command line code(1): array_map()
#3 {main}
  thrown at Command line code:1)
[stacktrace]
#0 {main}
"} 
[2022-08-01 10:02:08] local.ERROR: Uncaught ReflectionException: Class App\Policies\ModelPolicy does not exist in Command line code:1
Stack trace:
#0 Command line code(1): ReflectionClass->__construct()
#1 [internal function]: {closure}()
#2 Command line code(1): array_map()
#3 {main}
  thrown {"exception":"[object] (Symfony\\Component\\Debug\\Exception\\FatalErrorException(code: 1): Uncaught ReflectionException: Class App\\Policies\\ModelPolicy does not exist in Command line code:1
Stack trace:
#0 Command line code(1): ReflectionClass->__construct()
#1 [internal function]: {closure}()
#2 Command line code(1): array_map()
#3 {main}
  thrown at Command line code:1)
[stacktrace]
#0 {main}
"} 
[2022-08-01 10:03:08] local.ERROR: Uncaught ReflectionException: Class App\Policies\ModelPolicy does not exist in Command line code:1
Stack trace:
#0 Command line code(1): ReflectionClass->__construct()
#1 [internal function]: {closure}()
#2 Command line code(1): array_map()
#3 {main}
  thrown {"exception":"[object] (Symfony\\Component\\Debug\\Exception\\FatalErrorException(code: 1): Uncaught ReflectionException: Class App\\Policies\\ModelPolicy does not exist in Command line code:1
Stack trace:
#0 Command line code(1): ReflectionClass->__construct()
#1 [internal function]: {closure}()
#2 Command line code(1): array_map()
#3 {main}
  thrown at Command line code:1)
[stacktrace]
#0 {main}
"} 
[2022-08-01 10:04:08] local.ERROR: Uncaught ReflectionException: Class App\Policies\ModelPolicy does not exist in Command line code:1
Stack trace:
#0 Command line code(1): ReflectionClass->__construct()
#1 [internal function]: {closure}()
#2 Command line code(1): array_map()
#3 {main}
  thrown {"exception":"[object] (Symfony\\Component\\Debug\\Exception\\FatalErrorException(code: 1): Uncaught ReflectionException: Class App\\Policies\\ModelPolicy does not exist in Command line code:1
Stack trace:
#0 Command line code(1): ReflectionClass->__construct()
#1 [internal function]: {closure}()
#2 Command line code(1): array_map()
#3 {main}
  thrown at Command line code:1)
[stacktrace]
#0 {main}
"} 
[2022-08-01 10:05:08] local.ERROR: Uncaught ReflectionException: Class App\Policies\ModelPolicy does not exist in Command line code:1
Stack trace:
#0 Command line code(1): ReflectionClass->__construct()
#1 [internal function]: {closure}()
#2 Command line code(1): array_map()
#3 {main}
  thrown {"exception":"[object] (Symfony\\Component\\Debug\\Exception\\FatalErrorException(code: 1): Uncaught ReflectionException: Class App\\Policies\\ModelPolicy does not exist in Command line code:1
Stack trace:
#0 Command line code(1): ReflectionClass->__construct()
#1 [internal function]: {closure}()
#2 Command line code(1): array_map()
#3 {main}
  thrown at Command line code:1)
[stacktrace]
#0 {main}
"} 
[2022-08-01 10:06:08] local.ERROR: Uncaught ReflectionException: Class App\Policies\ModelPolicy does not exist in Command line code:1
Stack trace:
#0 Command line code(1): ReflectionClass->__construct()
#1 [internal function]: {closure}()
#2 Command line code(1): array_map()
#3 {main}
  thrown {"exception":"[object] (Symfony\\Component\\Debug\\Exception\\FatalErrorException(code: 1): Uncaught ReflectionException: Class App\\Policies\\ModelPolicy does not exist in Command line code:1
Stack trace:
#0 Command line code(1): ReflectionClass->__construct()
#1 [internal function]: {closure}()
#2 Command line code(1): array_map()
#3 {main}
  thrown at Command line code:1)
[stacktrace]
#0 {main}
"} 
[2022-08-01 10:07:08] local.ERROR: Uncaught ReflectionException: Class App\Policies\ModelPolicy does not exist in Command line code:1
Stack trace:
#0 Command line code(1): ReflectionClass->__construct()
#1 [internal function]: {closure}()
#2 Command line code(1): array_map()
#3 {main}
  thrown {"exception":"[object] (Symfony\\Component\\Debug\\Exception\\FatalErrorException(code: 1): Uncaught ReflectionException: Class App\\Policies\\ModelPolicy does not exist in Command line code:1
Stack trace:
#0 Command line code(1): ReflectionClass->__construct()
#1 [internal function]: {closure}()
#2 Command line code(1): array_map()
#3 {main}
  thrown at Command line code:1)
[stacktrace]
#0 {main}
"} 
[2022-08-01 10:08:08] local.ERROR: Uncaught ReflectionException: Class App\Policies\ModelPolicy does not exist in Command line code:1
Stack trace:
#0 Command line code(1): ReflectionClass->__construct()
#1 [internal function]: {closure}()
#2 Command line code(1): array_map()
#3 {main}
  thrown {"exception":"[object] (Symfony\\Component\\Debug\\Exception\\FatalErrorException(code: 1): Uncaught ReflectionException: Class App\\Policies\\ModelPolicy does not exist in Command line code:1
Stack trace:
#0 Command line code(1): ReflectionClass->__construct()
#1 [internal function]: {closure}()
#2 Command line code(1): array_map()
#3 {main}
  thrown at Command line code:1)
[stacktrace]
#0 {main}
"} 
[2022-08-01 10:09:08] local.ERROR: Uncaught ReflectionException: Class App\Policies\ModelPolicy does not exist in Command line code:1
Stack trace:
#0 Command line code(1): ReflectionClass->__construct()
#1 [internal function]: {closure}()
#2 Command line code(1): array_map()
#3 {main}
  thrown {"exception":"[object] (Symfony\\Component\\Debug\\Exception\\FatalErrorException(code: 1): Uncaught ReflectionException: Class App\\Policies\\ModelPolicy does not exist in Command line code:1
Stack trace:
#0 Command line code(1): ReflectionClass->__construct()
#1 [internal function]: {closure}()
#2 Command line code(1): array_map()
#3 {main}
  thrown at Command line code:1)
[stacktrace]
#0 {main}
"} 
[2022-08-01 10:10:08] local.ERROR: Uncaught ReflectionException: Class App\Policies\ModelPolicy does not exist in Command line code:1
Stack trace:
#0 Command line code(1): ReflectionClass->__construct()
#1 [internal function]: {closure}()
#2 Command line code(1): array_map()
#3 {main}
  thrown {"exception":"[object] (Symfony\\Component\\Debug\\Exception\\FatalErrorException(code: 1): Uncaught ReflectionException: Class App\\Policies\\ModelPolicy does not exist in Command line code:1
Stack trace:
#0 Command line code(1): ReflectionClass->__construct()
#1 [internal function]: {closure}()
#2 Command line code(1): array_map()
#3 {main}
  thrown at Command line code:1)
[stacktrace]
#0 {main}
"} 
[2022-08-01 10:11:08] local.ERROR: Uncaught ReflectionException: Class App\Policies\ModelPolicy does not exist in Command line code:1
Stack trace:
#0 Command line code(1): ReflectionClass->__construct()
#1 [internal function]: {closure}()
#2 Command line code(1): array_map()
#3 {main}
  thrown {"exception":"[object] (Symfony\\Component\\Debug\\Exception\\FatalErrorException(code: 1): Uncaught ReflectionException: Class App\\Policies\\ModelPolicy does not exist in Command line code:1
Stack trace:
#0 Command line code(1): ReflectionClass->__construct()
#1 [internal function]: {closure}()
#2 Command line code(1): array_map()
#3 {main}
  thrown at Command line code:1)
[stacktrace]
#0 {main}
"} 
[2022-08-01 10:12:08] local.ERROR: Uncaught ReflectionException: Class App\Policies\ModelPolicy does not exist in Command line code:1
Stack trace:
#0 Command line code(1): ReflectionClass->__construct()
#1 [internal function]: {closure}()
#2 Command line code(1): array_map()
#3 {main}
  thrown {"exception":"[object] (Symfony\\Component\\Debug\\Exception\\FatalErrorException(code: 1): Uncaught ReflectionException: Class App\\Policies\\ModelPolicy does not exist in Command line code:1
Stack trace:
#0 Command line code(1): ReflectionClass->__construct()
#1 [internal function]: {closure}()
#2 Command line code(1): array_map()
#3 {main}
  thrown at Command line code:1)
[stacktrace]
#0 {main}
"} 
[2022-08-01 10:13:08] local.ERROR: Uncaught ReflectionException: Class App\Policies\ModelPolicy does not exist in Command line code:1
Stack trace:
#0 Command line code(1): ReflectionClass->__construct()
#1 [internal function]: {closure}()
#2 Command line code(1): array_map()
#3 {main}
  thrown {"exception":"[object] (Symfony\\Component\\Debug\\Exception\\FatalErrorException(code: 1): Uncaught ReflectionException: Class App\\Policies\\ModelPolicy does not exist in Command line code:1
Stack trace:
#0 Command line code(1): ReflectionClass->__construct()
#1 [internal function]: {closure}()
#2 Command line code(1): array_map()
#3 {main}
  thrown at Command line code:1)
[stacktrace]
#0 {main}
"} 
[2022-08-01 10:14:08] local.ERROR: Uncaught ReflectionException: Class App\Policies\ModelPolicy does not exist in Command line code:1
Stack trace:
#0 Command line code(1): ReflectionClass->__construct()
#1 [internal function]: {closure}()
#2 Command line code(1): array_map()
#3 {main}
  thrown {"exception":"[object] (Symfony\\Component\\Debug\\Exception\\FatalErrorException(code: 1): Uncaught ReflectionException: Class App\\Policies\\ModelPolicy does not exist in Command line code:1
Stack trace:
#0 Command line code(1): ReflectionClass->__construct()
#1 [internal function]: {closure}()
#2 Command line code(1): array_map()
#3 {main}
  thrown at Command line code:1)
[stacktrace]
#0 {main}
"} 
[2022-08-01 10:15:08] local.ERROR: Uncaught ReflectionException: Class App\Policies\ModelPolicy does not exist in Command line code:1
Stack trace:
#0 Command line code(1): ReflectionClass->__construct()
#1 [internal function]: {closure}()
#2 Command line code(1): array_map()
#3 {main}
  thrown {"exception":"[object] (Symfony\\Component\\Debug\\Exception\\FatalErrorException(code: 1): Uncaught ReflectionException: Class App\\Policies\\ModelPolicy does not exist in Command line code:1
Stack trace:
#0 Command line code(1): ReflectionClass->__construct()
#1 [internal function]: {closure}()
#2 Command line code(1): array_map()
#3 {main}
  thrown at Command line code:1)
[stacktrace]
#0 {main}
"} 
[2022-08-01 10:16:08] local.ERROR: Uncaught ReflectionException: Class App\Policies\ModelPolicy does not exist in Command line code:1
Stack trace:
#0 Command line code(1): ReflectionClass->__construct()
#1 [internal function]: {closure}()
#2 Command line code(1): array_map()
#3 {main}
  thrown {"exception":"[object] (Symfony\\Component\\Debug\\Exception\\FatalErrorException(code: 1): Uncaught ReflectionException: Class App\\Policies\\ModelPolicy does not exist in Command line code:1
Stack trace:
#0 Command line code(1): ReflectionClass->__construct()
#1 [internal function]: {closure}()
#2 Command line code(1): array_map()
#3 {main}
  thrown at Command line code:1)
[stacktrace]
#0 {main}
"} 
[2022-08-01 10:17:08] local.ERROR: Uncaught ReflectionException: Class App\Policies\ModelPolicy does not exist in Command line code:1
Stack trace:
#0 Command line code(1): ReflectionClass->__construct()
#1 [internal function]: {closure}()
#2 Command line code(1): array_map()
#3 {main}
  thrown {"exception":"[object] (Symfony\\Component\\Debug\\Exception\\FatalErrorException(code: 1): Uncaught ReflectionException: Class App\\Policies\\ModelPolicy does not exist in Command line code:1
Stack trace:
#0 Command line code(1): ReflectionClass->__construct()
#1 [internal function]: {closure}()
#2 Command line code(1): array_map()
#3 {main}
  thrown at Command line code:1)
[stacktrace]
#0 {main}
"} 
[2022-08-01 10:18:08] local.ERROR: Uncaught ReflectionException: Class App\Policies\ModelPolicy does not exist in Command line code:1
Stack trace:
#0 Command line code(1): ReflectionClass->__construct()
#1 [internal function]: {closure}()
#2 Command line code(1): array_map()
#3 {main}
  thrown {"exception":"[object] (Symfony\\Component\\Debug\\Exception\\FatalErrorException(code: 1): Uncaught ReflectionException: Class App\\Policies\\ModelPolicy does not exist in Command line code:1
Stack trace:
#0 Command line code(1): ReflectionClass->__construct()
#1 [internal function]: {closure}()
#2 Command line code(1): array_map()
#3 {main}
  thrown at Command line code:1)
[stacktrace]
#0 {main}
"} 
[2022-08-01 10:19:08] local.ERROR: Uncaught ReflectionException: Class App\Policies\ModelPolicy does not exist in Command line code:1
Stack trace:
#0 Command line code(1): ReflectionClass->__construct()
#1 [internal function]: {closure}()
#2 Command line code(1): array_map()
#3 {main}
  thrown {"exception":"[object] (Symfony\\Component\\Debug\\Exception\\FatalErrorException(code: 1): Uncaught ReflectionException: Class App\\Policies\\ModelPolicy does not exist in Command line code:1
Stack trace:
#0 Command line code(1): ReflectionClass->__construct()
#1 [internal function]: {closure}()
#2 Command line code(1): array_map()
#3 {main}
  thrown at Command line code:1)
[stacktrace]
#0 {main}
"} 
[2022-08-01 10:20:08] local.ERROR: Uncaught ReflectionException: Class App\Policies\ModelPolicy does not exist in Command line code:1
Stack trace:
#0 Command line code(1): ReflectionClass->__construct()
#1 [internal function]: {closure}()
#2 Command line code(1): array_map()
#3 {main}
  thrown {"exception":"[object] (Symfony\\Component\\Debug\\Exception\\FatalErrorException(code: 1): Uncaught ReflectionException: Class App\\Policies\\ModelPolicy does not exist in Command line code:1
Stack trace:
#0 Command line code(1): ReflectionClass->__construct()
#1 [internal function]: {closure}()
#2 Command line code(1): array_map()
#3 {main}
  thrown at Command line code:1)
[stacktrace]
#0 {main}
"} 
[2022-08-01 10:21:08] local.ERROR: Uncaught ReflectionException: Class App\Policies\ModelPolicy does not exist in Command line code:1
Stack trace:
#0 Command line code(1): ReflectionClass->__construct()
#1 [internal function]: {closure}()
#2 Command line code(1): array_map()
#3 {main}
  thrown {"exception":"[object] (Symfony\\Component\\Debug\\Exception\\FatalErrorException(code: 1): Uncaught ReflectionException: Class App\\Policies\\ModelPolicy does not exist in Command line code:1
Stack trace:
#0 Command line code(1): ReflectionClass->__construct()
#1 [internal function]: {closure}()
#2 Command line code(1): array_map()
#3 {main}
  thrown at Command line code:1)
[stacktrace]
#0 {main}
"} 
[2022-08-01 10:22:08] local.ERROR: Uncaught ReflectionException: Class App\Policies\ModelPolicy does not exist in Command line code:1
Stack trace:
#0 Command line code(1): ReflectionClass->__construct()
#1 [internal function]: {closure}()
#2 Command line code(1): array_map()
#3 {main}
  thrown {"exception":"[object] (Symfony\\Component\\Debug\\Exception\\FatalErrorException(code: 1): Uncaught ReflectionException: Class App\\Policies\\ModelPolicy does not exist in Command line code:1
Stack trace:
#0 Command line code(1): ReflectionClass->__construct()
#1 [internal function]: {closure}()
#2 Command line code(1): array_map()
#3 {main}
  thrown at Command line code:1)
[stacktrace]
#0 {main}
"} 
[2022-08-01 10:23:08] local.ERROR: Uncaught ReflectionException: Class App\Policies\ModelPolicy does not exist in Command line code:1
Stack trace:
#0 Command line code(1): ReflectionClass->__construct()
#1 [internal function]: {closure}()
#2 Command line code(1): array_map()
#3 {main}
  thrown {"exception":"[object] (Symfony\\Component\\Debug\\Exception\\FatalErrorException(code: 1): Uncaught ReflectionException: Class App\\Policies\\ModelPolicy does not exist in Command line code:1
Stack trace:
#0 Command line code(1): ReflectionClass->__construct()
#1 [internal function]: {closure}()
#2 Command line code(1): array_map()
#3 {main}
  thrown at Command line code:1)
[stacktrace]
#0 {main}
"} 
[2022-08-01 10:24:08] local.ERROR: Uncaught ReflectionException: Class App\Policies\ModelPolicy does not exist in Command line code:1
Stack trace:
#0 Command line code(1): ReflectionClass->__construct()
#1 [internal function]: {closure}()
#2 Command line code(1): array_map()
#3 {main}
  thrown {"exception":"[object] (Symfony\\Component\\Debug\\Exception\\FatalErrorException(code: 1): Uncaught ReflectionException: Class App\\Policies\\ModelPolicy does not exist in Command line code:1
Stack trace:
#0 Command line code(1): ReflectionClass->__construct()
#1 [internal function]: {closure}()
#2 Command line code(1): array_map()
#3 {main}
  thrown at Command line code:1)
[stacktrace]
#0 {main}
"} 
[2022-08-01 10:25:08] local.ERROR: Uncaught ReflectionException: Class App\Policies\ModelPolicy does not exist in Command line code:1
Stack trace:
#0 Command line code(1): ReflectionClass->__construct()
#1 [internal function]: {closure}()
#2 Command line code(1): array_map()
#3 {main}
  thrown {"exception":"[object] (Symfony\\Component\\Debug\\Exception\\FatalErrorException(code: 1): Uncaught ReflectionException: Class App\\Policies\\ModelPolicy does not exist in Command line code:1
Stack trace:
#0 Command line code(1): ReflectionClass->__construct()
#1 [internal function]: {closure}()
#2 Command line code(1): array_map()
#3 {main}
  thrown at Command line code:1)
[stacktrace]
#0 {main}
"} 
[2022-08-01 10:26:08] local.ERROR: Uncaught ReflectionException: Class App\Policies\ModelPolicy does not exist in Command line code:1
Stack trace:
#0 Command line code(1): ReflectionClass->__construct()
#1 [internal function]: {closure}()
#2 Command line code(1): array_map()
#3 {main}
  thrown {"exception":"[object] (Symfony\\Component\\Debug\\Exception\\FatalErrorException(code: 1): Uncaught ReflectionException: Class App\\Policies\\ModelPolicy does not exist in Command line code:1
Stack trace:
#0 Command line code(1): ReflectionClass->__construct()
#1 [internal function]: {closure}()
#2 Command line code(1): array_map()
#3 {main}
  thrown at Command line code:1)
[stacktrace]
#0 {main}
"} 
[2022-08-01 10:27:08] local.ERROR: Uncaught ReflectionException: Class App\Policies\ModelPolicy does not exist in Command line code:1
Stack trace:
#0 Command line code(1): ReflectionClass->__construct()
#1 [internal function]: {closure}()
#2 Command line code(1): array_map()
#3 {main}
  thrown {"exception":"[object] (Symfony\\Component\\Debug\\Exception\\FatalErrorException(code: 1): Uncaught ReflectionException: Class App\\Policies\\ModelPolicy does not exist in Command line code:1
Stack trace:
#0 Command line code(1): ReflectionClass->__construct()
#1 [internal function]: {closure}()
#2 Command line code(1): array_map()
#3 {main}
  thrown at Command line code:1)
[stacktrace]
#0 {main}
"} 
[2022-08-01 10:28:08] local.ERROR: Uncaught ReflectionException: Class App\Policies\ModelPolicy does not exist in Command line code:1
Stack trace:
#0 Command line code(1): ReflectionClass->__construct()
#1 [internal function]: {closure}()
#2 Command line code(1): array_map()
#3 {main}
  thrown {"exception":"[object] (Symfony\\Component\\Debug\\Exception\\FatalErrorException(code: 1): Uncaught ReflectionException: Class App\\Policies\\ModelPolicy does not exist in Command line code:1
Stack trace:
#0 Command line code(1): ReflectionClass->__construct()
#1 [internal function]: {closure}()
#2 Command line code(1): array_map()
#3 {main}
  thrown at Command line code:1)
[stacktrace]
#0 {main}
"} 
[2022-08-01 10:29:08] local.ERROR: Uncaught ReflectionException: Class App\Policies\ModelPolicy does not exist in Command line code:1
Stack trace:
#0 Command line code(1): ReflectionClass->__construct()
#1 [internal function]: {closure}()
#2 Command line code(1): array_map()
#3 {main}
  thrown {"exception":"[object] (Symfony\\Component\\Debug\\Exception\\FatalErrorException(code: 1): Uncaught ReflectionException: Class App\\Policies\\ModelPolicy does not exist in Command line code:1
Stack trace:
#0 Command line code(1): ReflectionClass->__construct()
#1 [internal function]: {closure}()
#2 Command line code(1): array_map()
#3 {main}
  thrown at Command line code:1)
[stacktrace]
#0 {main}
"} 
[2022-08-01 10:30:08] local.ERROR: Uncaught ReflectionException: Class App\Policies\ModelPolicy does not exist in Command line code:1
Stack trace:
#0 Command line code(1): ReflectionClass->__construct()
#1 [internal function]: {closure}()
#2 Command line code(1): array_map()
#3 {main}
  thrown {"exception":"[object] (Symfony\\Component\\Debug\\Exception\\FatalErrorException(code: 1): Uncaught ReflectionException: Class App\\Policies\\ModelPolicy does not exist in Command line code:1
Stack trace:
#0 Command line code(1): ReflectionClass->__construct()
#1 [internal function]: {closure}()
#2 Command line code(1): array_map()
#3 {main}
  thrown at Command line code:1)
[stacktrace]
#0 {main}
"} 
[2022-08-01 10:31:08] local.ERROR: Uncaught ReflectionException: Class App\Policies\ModelPolicy does not exist in Command line code:1
Stack trace:
#0 Command line code(1): ReflectionClass->__construct()
#1 [internal function]: {closure}()
#2 Command line code(1): array_map()
#3 {main}
  thrown {"exception":"[object] (Symfony\\Component\\Debug\\Exception\\FatalErrorException(code: 1): Uncaught ReflectionException: Class App\\Policies\\ModelPolicy does not exist in Command line code:1
Stack trace:
#0 Command line code(1): ReflectionClass->__construct()
#1 [internal function]: {closure}()
#2 Command line code(1): array_map()
#3 {main}
  thrown at Command line code:1)
[stacktrace]
#0 {main}
"} 
[2022-08-01 10:32:08] local.ERROR: Uncaught ReflectionException: Class App\Policies\ModelPolicy does not exist in Command line code:1
Stack trace:
#0 Command line code(1): ReflectionClass->__construct()
#1 [internal function]: {closure}()
#2 Command line code(1): array_map()
#3 {main}
  thrown {"exception":"[object] (Symfony\\Component\\Debug\\Exception\\FatalErrorException(code: 1): Uncaught ReflectionException: Class App\\Policies\\ModelPolicy does not exist in Command line code:1
Stack trace:
#0 Command line code(1): ReflectionClass->__construct()
#1 [internal function]: {closure}()
#2 Command line code(1): array_map()
#3 {main}
  thrown at Command line code:1)
[stacktrace]
#0 {main}
"} 
[2022-08-01 10:33:08] local.ERROR: Uncaught ReflectionException: Class App\Policies\ModelPolicy does not exist in Command line code:1
Stack trace:
#0 Command line code(1): ReflectionClass->__construct()
#1 [internal function]: {closure}()
#2 Command line code(1): array_map()
#3 {main}
  thrown {"exception":"[object] (Symfony\\Component\\Debug\\Exception\\FatalErrorException(code: 1): Uncaught ReflectionException: Class App\\Policies\\ModelPolicy does not exist in Command line code:1
Stack trace:
#0 Command line code(1): ReflectionClass->__construct()
#1 [internal function]: {closure}()
#2 Command line code(1): array_map()
#3 {main}
  thrown at Command line code:1)
[stacktrace]
#0 {main}
"} 
[2022-08-01 10:34:08] local.ERROR: Uncaught ReflectionException: Class App\Policies\ModelPolicy does not exist in Command line code:1
Stack trace:
#0 Command line code(1): ReflectionClass->__construct()
#1 [internal function]: {closure}()
#2 Command line code(1): array_map()
#3 {main}
  thrown {"exception":"[object] (Symfony\\Component\\Debug\\Exception\\FatalErrorException(code: 1): Uncaught ReflectionException: Class App\\Policies\\ModelPolicy does not exist in Command line code:1
Stack trace:
#0 Command line code(1): ReflectionClass->__construct()
#1 [internal function]: {closure}()
#2 Command line code(1): array_map()
#3 {main}
  thrown at Command line code:1)
[stacktrace]
#0 {main}
"} 
[2022-08-01 10:35:08] local.ERROR: Uncaught ReflectionException: Class App\Policies\ModelPolicy does not exist in Command line code:1
Stack trace:
#0 Command line code(1): ReflectionClass->__construct()
#1 [internal function]: {closure}()
#2 Command line code(1): array_map()
#3 {main}
  thrown {"exception":"[object] (Symfony\\Component\\Debug\\Exception\\FatalErrorException(code: 1): Uncaught ReflectionException: Class App\\Policies\\ModelPolicy does not exist in Command line code:1
Stack trace:
#0 Command line code(1): ReflectionClass->__construct()
#1 [internal function]: {closure}()
#2 Command line code(1): array_map()
#3 {main}
  thrown at Command line code:1)
[stacktrace]
#0 {main}
"} 
[2022-08-01 10:36:08] local.ERROR: Uncaught ReflectionException: Class App\Policies\ModelPolicy does not exist in Command line code:1
Stack trace:
#0 Command line code(1): ReflectionClass->__construct()
#1 [internal function]: {closure}()
#2 Command line code(1): array_map()
#3 {main}
  thrown {"exception":"[object] (Symfony\\Component\\Debug\\Exception\\FatalErrorException(code: 1): Uncaught ReflectionException: Class App\\Policies\\ModelPolicy does not exist in Command line code:1
Stack trace:
#0 Command line code(1): ReflectionClass->__construct()
#1 [internal function]: {closure}()
#2 Command line code(1): array_map()
#3 {main}
  thrown at Command line code:1)
[stacktrace]
#0 {main}
"} 
[2022-08-01 10:37:08] local.ERROR: Uncaught ReflectionException: Class App\Policies\ModelPolicy does not exist in Command line code:1
Stack trace:
#0 Command line code(1): ReflectionClass->__construct()
#1 [internal function]: {closure}()
#2 Command line code(1): array_map()
#3 {main}
  thrown {"exception":"[object] (Symfony\\Component\\Debug\\Exception\\FatalErrorException(code: 1): Uncaught ReflectionException: Class App\\Policies\\ModelPolicy does not exist in Command line code:1
Stack trace:
#0 Command line code(1): ReflectionClass->__construct()
#1 [internal function]: {closure}()
#2 Command line code(1): array_map()
#3 {main}
  thrown at Command line code:1)
[stacktrace]
#0 {main}
"} 
[2022-08-01 10:38:08] local.ERROR: Uncaught ReflectionException: Class App\Policies\ModelPolicy does not exist in Command line code:1
Stack trace:
#0 Command line code(1): ReflectionClass->__construct()
#1 [internal function]: {closure}()
#2 Command line code(1): array_map()
#3 {main}
  thrown {"exception":"[object] (Symfony\\Component\\Debug\\Exception\\FatalErrorException(code: 1): Uncaught ReflectionException: Class App\\Policies\\ModelPolicy does not exist in Command line code:1
Stack trace:
#0 Command line code(1): ReflectionClass->__construct()
#1 [internal function]: {closure}()
#2 Command line code(1): array_map()
#3 {main}
  thrown at Command line code:1)
[stacktrace]
#0 {main}
"} 
[2022-08-01 10:39:08] local.ERROR: Uncaught ReflectionException: Class App\Policies\ModelPolicy does not exist in Command line code:1
Stack trace:
#0 Command line code(1): ReflectionClass->__construct()
#1 [internal function]: {closure}()
#2 Command line code(1): array_map()
#3 {main}
  thrown {"exception":"[object] (Symfony\\Component\\Debug\\Exception\\FatalErrorException(code: 1): Uncaught ReflectionException: Class App\\Policies\\ModelPolicy does not exist in Command line code:1
Stack trace:
#0 Command line code(1): ReflectionClass->__construct()
#1 [internal function]: {closure}()
#2 Command line code(1): array_map()
#3 {main}
  thrown at Command line code:1)
[stacktrace]
#0 {main}
"} 
[2022-08-01 10:40:08] local.ERROR: Uncaught ReflectionException: Class App\Policies\ModelPolicy does not exist in Command line code:1
Stack trace:
#0 Command line code(1): ReflectionClass->__construct()
#1 [internal function]: {closure}()
#2 Command line code(1): array_map()
#3 {main}
  thrown {"exception":"[object] (Symfony\\Component\\Debug\\Exception\\FatalErrorException(code: 1): Uncaught ReflectionException: Class App\\Policies\\ModelPolicy does not exist in Command line code:1
Stack trace:
#0 Command line code(1): ReflectionClass->__construct()
#1 [internal function]: {closure}()
#2 Command line code(1): array_map()
#3 {main}
  thrown at Command line code:1)
[stacktrace]
#0 {main}
"} 
[2022-08-01 10:41:08] local.ERROR: Uncaught ReflectionException: Class App\Policies\ModelPolicy does not exist in Command line code:1
Stack trace:
#0 Command line code(1): ReflectionClass->__construct()
#1 [internal function]: {closure}()
#2 Command line code(1): array_map()
#3 {main}
  thrown {"exception":"[object] (Symfony\\Component\\Debug\\Exception\\FatalErrorException(code: 1): Uncaught ReflectionException: Class App\\Policies\\ModelPolicy does not exist in Command line code:1
Stack trace:
#0 Command line code(1): ReflectionClass->__construct()
#1 [internal function]: {closure}()
#2 Command line code(1): array_map()
#3 {main}
  thrown at Command line code:1)
[stacktrace]
#0 {main}
"} 
[2022-08-01 10:42:08] local.ERROR: Uncaught ReflectionException: Class App\Policies\ModelPolicy does not exist in Command line code:1
Stack trace:
#0 Command line code(1): ReflectionClass->__construct()
#1 [internal function]: {closure}()
#2 Command line code(1): array_map()
#3 {main}
  thrown {"exception":"[object] (Symfony\\Component\\Debug\\Exception\\FatalErrorException(code: 1): Uncaught ReflectionException: Class App\\Policies\\ModelPolicy does not exist in Command line code:1
Stack trace:
#0 Command line code(1): ReflectionClass->__construct()
#1 [internal function]: {closure}()
#2 Command line code(1): array_map()
#3 {main}
  thrown at Command line code:1)
[stacktrace]
#0 {main}
"} 
[2022-08-01 10:43:08] local.ERROR: Uncaught ReflectionException: Class App\Policies\ModelPolicy does not exist in Command line code:1
Stack trace:
#0 Command line code(1): ReflectionClass->__construct()
#1 [internal function]: {closure}()
#2 Command line code(1): array_map()
#3 {main}
  thrown {"exception":"[object] (Symfony\\Component\\Debug\\Exception\\FatalErrorException(code: 1): Uncaught ReflectionException: Class App\\Policies\\ModelPolicy does not exist in Command line code:1
Stack trace:
#0 Command line code(1): ReflectionClass->__construct()
#1 [internal function]: {closure}()
#2 Command line code(1): array_map()
#3 {main}
  thrown at Command line code:1)
[stacktrace]
#0 {main}
"} 
[2022-08-01 10:44:08] local.ERROR: Uncaught ReflectionException: Class App\Policies\ModelPolicy does not exist in Command line code:1
Stack trace:
#0 Command line code(1): ReflectionClass->__construct()
#1 [internal function]: {closure}()
#2 Command line code(1): array_map()
#3 {main}
  thrown {"exception":"[object] (Symfony\\Component\\Debug\\Exception\\FatalErrorException(code: 1): Uncaught ReflectionException: Class App\\Policies\\ModelPolicy does not exist in Command line code:1
Stack trace:
#0 Command line code(1): ReflectionClass->__construct()
#1 [internal function]: {closure}()
#2 Command line code(1): array_map()
#3 {main}
  thrown at Command line code:1)
[stacktrace]
#0 {main}
"} 
[2022-08-01 10:45:08] local.ERROR: Uncaught ReflectionException: Class App\Policies\ModelPolicy does not exist in Command line code:1
Stack trace:
#0 Command line code(1): ReflectionClass->__construct()
#1 [internal function]: {closure}()
#2 Command line code(1): array_map()
#3 {main}
  thrown {"exception":"[object] (Symfony\\Component\\Debug\\Exception\\FatalErrorException(code: 1): Uncaught ReflectionException: Class App\\Policies\\ModelPolicy does not exist in Command line code:1
Stack trace:
#0 Command line code(1): ReflectionClass->__construct()
#1 [internal function]: {closure}()
#2 Command line code(1): array_map()
#3 {main}
  thrown at Command line code:1)
[stacktrace]
#0 {main}
"} 
[2022-08-01 10:46:08] local.ERROR: Uncaught ReflectionException: Class App\Policies\ModelPolicy does not exist in Command line code:1
Stack trace:
#0 Command line code(1): ReflectionClass->__construct()
#1 [internal function]: {closure}()
#2 Command line code(1): array_map()
#3 {main}
  thrown {"exception":"[object] (Symfony\\Component\\Debug\\Exception\\FatalErrorException(code: 1): Uncaught ReflectionException: Class App\\Policies\\ModelPolicy does not exist in Command line code:1
Stack trace:
#0 Command line code(1): ReflectionClass->__construct()
#1 [internal function]: {closure}()
#2 Command line code(1): array_map()
#3 {main}
  thrown at Command line code:1)
[stacktrace]
#0 {main}
"} 
[2022-08-01 10:47:08] local.ERROR: Uncaught ReflectionException: Class App\Policies\ModelPolicy does not exist in Command line code:1
Stack trace:
#0 Command line code(1): ReflectionClass->__construct()
#1 [internal function]: {closure}()
#2 Command line code(1): array_map()
#3 {main}
  thrown {"exception":"[object] (Symfony\\Component\\Debug\\Exception\\FatalErrorException(code: 1): Uncaught ReflectionException: Class App\\Policies\\ModelPolicy does not exist in Command line code:1
Stack trace:
#0 Command line code(1): ReflectionClass->__construct()
#1 [internal function]: {closure}()
#2 Command line code(1): array_map()
#3 {main}
  thrown at Command line code:1)
[stacktrace]
#0 {main}
"} 
[2022-08-01 10:48:08] local.ERROR: Uncaught ReflectionException: Class App\Policies\ModelPolicy does not exist in Command line code:1
Stack trace:
#0 Command line code(1): ReflectionClass->__construct()
#1 [internal function]: {closure}()
#2 Command line code(1): array_map()
#3 {main}
  thrown {"exception":"[object] (Symfony\\Component\\Debug\\Exception\\FatalErrorException(code: 1): Uncaught ReflectionException: Class App\\Policies\\ModelPolicy does not exist in Command line code:1
Stack trace:
#0 Command line code(1): ReflectionClass->__construct()
#1 [internal function]: {closure}()
#2 Command line code(1): array_map()
#3 {main}
  thrown at Command line code:1)
[stacktrace]
#0 {main}
"} 
[2022-08-01 10:49:08] local.ERROR: Uncaught ReflectionException: Class App\Policies\ModelPolicy does not exist in Command line code:1
Stack trace:
#0 Command line code(1): ReflectionClass->__construct()
#1 [internal function]: {closure}()
#2 Command line code(1): array_map()
#3 {main}
  thrown {"exception":"[object] (Symfony\\Component\\Debug\\Exception\\FatalErrorException(code: 1): Uncaught ReflectionException: Class App\\Policies\\ModelPolicy does not exist in Command line code:1
Stack trace:
#0 Command line code(1): ReflectionClass->__construct()
#1 [internal function]: {closure}()
#2 Command line code(1): array_map()
#3 {main}
  thrown at Command line code:1)
[stacktrace]
#0 {main}
"} 
[2022-08-01 10:50:08] local.ERROR: Uncaught ReflectionException: Class App\Policies\ModelPolicy does not exist in Command line code:1
Stack trace:
#0 Command line code(1): ReflectionClass->__construct()
#1 [internal function]: {closure}()
#2 Command line code(1): array_map()
#3 {main}
  thrown {"exception":"[object] (Symfony\\Component\\Debug\\Exception\\FatalErrorException(code: 1): Uncaught ReflectionException: Class App\\Policies\\ModelPolicy does not exist in Command line code:1
Stack trace:
#0 Command line code(1): ReflectionClass->__construct()
#1 [internal function]: {closure}()
#2 Command line code(1): array_map()
#3 {main}
  thrown at Command line code:1)
[stacktrace]
#0 {main}
"} 
[2022-08-01 10:51:08] local.ERROR: Uncaught ReflectionException: Class App\Policies\ModelPolicy does not exist in Command line code:1
Stack trace:
#0 Command line code(1): ReflectionClass->__construct()
#1 [internal function]: {closure}()
#2 Command line code(1): array_map()
#3 {main}
  thrown {"exception":"[object] (Symfony\\Component\\Debug\\Exception\\FatalErrorException(code: 1): Uncaught ReflectionException: Class App\\Policies\\ModelPolicy does not exist in Command line code:1
Stack trace:
#0 Command line code(1): ReflectionClass->__construct()
#1 [internal function]: {closure}()
#2 Command line code(1): array_map()
#3 {main}
  thrown at Command line code:1)
[stacktrace]
#0 {main}
"} 
[2022-08-01 10:52:08] local.ERROR: Uncaught ReflectionException: Class App\Policies\ModelPolicy does not exist in Command line code:1
Stack trace:
#0 Command line code(1): ReflectionClass->__construct()
#1 [internal function]: {closure}()
#2 Command line code(1): array_map()
#3 {main}
  thrown {"exception":"[object] (Symfony\\Component\\Debug\\Exception\\FatalErrorException(code: 1): Uncaught ReflectionException: Class App\\Policies\\ModelPolicy does not exist in Command line code:1
Stack trace:
#0 Command line code(1): ReflectionClass->__construct()
#1 [internal function]: {closure}()
#2 Command line code(1): array_map()
#3 {main}
  thrown at Command line code:1)
[stacktrace]
#0 {main}
"} 
[2022-08-01 10:53:08] local.ERROR: Uncaught ReflectionException: Class App\Policies\ModelPolicy does not exist in Command line code:1
Stack trace:
#0 Command line code(1): ReflectionClass->__construct()
#1 [internal function]: {closure}()
#2 Command line code(1): array_map()
#3 {main}
  thrown {"exception":"[object] (Symfony\\Component\\Debug\\Exception\\FatalErrorException(code: 1): Uncaught ReflectionException: Class App\\Policies\\ModelPolicy does not exist in Command line code:1
Stack trace:
#0 Command line code(1): ReflectionClass->__construct()
#1 [internal function]: {closure}()
#2 Command line code(1): array_map()
#3 {main}
  thrown at Command line code:1)
[stacktrace]
#0 {main}
"} 
